#
# A fatal error has been detected by the Java Runtime Environment:
#
#  SIGSEGV (0xb) at pc=0x00007fff20342d9b, pid=52337, tid=36355
#
# JRE version: Java(TM) SE Runtime Environment (17.0.2+8) (build 17.0.2+8-LTS-86)
# Java VM: Java HotSpot(TM) 64-Bit Server VM (17.0.2+8-LTS-86, mixed mode, sharing, tiered, compressed oops, compressed class ptrs, g1 gc, bsd-amd64)
# Problematic frame:
# C  [libsystem_pthread.dylib+0x1d9b]  pthread_mutex_lock+0x4
#
# No core dump will be written. Core dumps have been disabled. To enable core dumping, try "ulimit -c unlimited" before starting Java again
#
# If you would like to submit a bug report, please visit:
#   https://bugreport.java.com/bugreport/crash.jsp
# The crash happened outside the Java Virtual Machine in native code.
# See problematic frame for where to report the bug.
#

---------------  S U M M A R Y ------------

Command Line: -ea edu.brown.cs.student.main.Main --gui

Host: "MacBookPro16,3" x86_64 1400 MHz, 8 cores, 8G, Darwin 20.2.0, macOS 11.1 (20C69)
Time: Mon May  9 16:00:41 2022 EDT elapsed time: 36.092703 seconds (0d 0h 0m 36s)

---------------  T H R E A D  ---------------

Current thread (0x00007fe63713c800):  JavaThread "qtp788742957-22" [_thread_in_native, id=36355, stack(0x00007000116c3000,0x00007000117c3000)]

Stack: [0x00007000116c3000,0x00007000117c3000],  sp=0x00007000117c1da0,  free space=1019k
Native frames: (J=compiled Java code, j=interpreted, Vv=VM code, C=native code)
C  [libsystem_pthread.dylib+0x1d9b]  pthread_mutex_lock+0x4
C  [sqlite-3.34.0-7e50e90a-aa13-4fcf-973b-c3454d4f61da-libsqlitejdbc.jnilib+0xb0b9]  Java_org_sqlite_core_NativeDB_set_1commit_1listener+0x763f
j  org.sqlite.core.NativeDB.reset(J)I+0
j  org.sqlite.jdbc3.JDBC3PreparedStatement.executeUpdate()I+39
j  databaseaccessor.DatabaseProxy.executeWCommands(Ljava/lang/String;)I+13
j  backendhandlers.UpdateHandler.handle(Lspark/Request;Lspark/Response;)Ljava/lang/Object;+117
j  spark.RouteImpl$1.handle(Lspark/Request;Lspark/Response;)Ljava/lang/Object;+6
j  spark.http.matching.Routes.execute(Lspark/http/matching/RouteContext;)V+171
j  spark.http.matching.MatcherFilter.doFilter(Ljavax/servlet/ServletRequest;Ljavax/servlet/ServletResponse;Ljavax/servlet/FilterChain;)V+154
j  spark.embeddedserver.jetty.JettyHandler.doHandle(Ljava/lang/String;Lorg/eclipse/jetty/server/Request;Ljavax/servlet/http/HttpServletRequest;Ljavax/servlet/http/HttpServletResponse;)V+19
j  org.eclipse.jetty.server.session.SessionHandler.doScope(Ljava/lang/String;Lorg/eclipse/jetty/server/Request;Ljavax/servlet/http/HttpServletRequest;Ljavax/servlet/http/HttpServletResponse;)V+225
j  org.eclipse.jetty.server.handler.ScopedHandler.handle(Ljava/lang/String;Lorg/eclipse/jetty/server/Request;Ljavax/servlet/http/HttpServletRequest;Ljavax/servlet/http/HttpServletResponse;)V+20
j  org.eclipse.jetty.server.handler.HandlerList.handle(Ljava/lang/String;Lorg/eclipse/jetty/server/Request;Ljavax/servlet/http/HttpServletRequest;Ljavax/servlet/http/HttpServletResponse;)V+39
j  org.eclipse.jetty.server.handler.HandlerWrapper.handle(Ljava/lang/String;Lorg/eclipse/jetty/server/Request;Ljavax/servlet/http/HttpServletRequest;Ljavax/servlet/http/HttpServletResponse;)V+18
j  org.eclipse.jetty.server.Server.handle(Lorg/eclipse/jetty/server/HttpChannel;)V+141
j  org.eclipse.jetty.server.HttpChannel.handle()Z+332
j  org.eclipse.jetty.server.HttpConnection.onFillable()V+137
j  org.eclipse.jetty.io.AbstractConnection$ReadCallback.succeeded()V+4
j  org.eclipse.jetty.io.FillInterest.fillable()Z+57
j  org.eclipse.jetty.io.ChannelEndPoint$2.run()V+7
j  org.eclipse.jetty.util.thread.strategy.EatWhatYouKill.runTask(Ljava/lang/Runnable;)V+1
j  org.eclipse.jetty.util.thread.strategy.EatWhatYouKill.doProduce(Z)Z+507
j  org.eclipse.jetty.util.thread.strategy.EatWhatYouKill.tryProduce(Z)V+134
j  org.eclipse.jetty.util.thread.strategy.EatWhatYouKill.run()V+2
j  org.eclipse.jetty.util.thread.ReservedThreadExecutor$ReservedThread.run()V+203
j  org.eclipse.jetty.util.thread.QueuedThreadPool.runJob(Ljava/lang/Runnable;)V+1
j  org.eclipse.jetty.util.thread.QueuedThreadPool$Runner.run()V+175
j  java.lang.Thread.run()V+11 java.base@17.0.2
v  ~StubRoutines::call_stub
V  [libjvm.dylib+0x5053c1]  JavaCalls::call_helper(JavaValue*, methodHandle const&, JavaCallArguments*, JavaThread*)+0x2a1
V  [libjvm.dylib+0x504437]  JavaCalls::call_virtual(JavaValue*, Klass*, Symbol*, Symbol*, JavaCallArguments*, JavaThread*)+0x147
V  [libjvm.dylib+0x504503]  JavaCalls::call_virtual(JavaValue*, Handle, Klass*, Symbol*, Symbol*, JavaThread*)+0x63
V  [libjvm.dylib+0x5acde4]  thread_entry(JavaThread*, JavaThread*)+0xb4
V  [libjvm.dylib+0x9f19a2]  JavaThread::thread_main_inner()+0x142
V  [libjvm.dylib+0x9eff9a]  Thread::call_run()+0x11a
V  [libjvm.dylib+0x884258]  thread_native_entry(Thread*)+0x148
C  [libsystem_pthread.dylib+0x6950]  _pthread_start+0xe0
C  [libsystem_pthread.dylib+0x247b]  thread_start+0xf

Java frames: (J=compiled Java code, j=interpreted, Vv=VM code)
j  org.sqlite.core.NativeDB.reset(J)I+0
j  org.sqlite.jdbc3.JDBC3PreparedStatement.executeUpdate()I+39
j  databaseaccessor.DatabaseProxy.executeWCommands(Ljava/lang/String;)I+13
j  backendhandlers.UpdateHandler.handle(Lspark/Request;Lspark/Response;)Ljava/lang/Object;+117
j  spark.RouteImpl$1.handle(Lspark/Request;Lspark/Response;)Ljava/lang/Object;+6
j  spark.http.matching.Routes.execute(Lspark/http/matching/RouteContext;)V+171
j  spark.http.matching.MatcherFilter.doFilter(Ljavax/servlet/ServletRequest;Ljavax/servlet/ServletResponse;Ljavax/servlet/FilterChain;)V+154
j  spark.embeddedserver.jetty.JettyHandler.doHandle(Ljava/lang/String;Lorg/eclipse/jetty/server/Request;Ljavax/servlet/http/HttpServletRequest;Ljavax/servlet/http/HttpServletResponse;)V+19
j  org.eclipse.jetty.server.session.SessionHandler.doScope(Ljava/lang/String;Lorg/eclipse/jetty/server/Request;Ljavax/servlet/http/HttpServletRequest;Ljavax/servlet/http/HttpServletResponse;)V+225
j  org.eclipse.jetty.server.handler.ScopedHandler.handle(Ljava/lang/String;Lorg/eclipse/jetty/server/Request;Ljavax/servlet/http/HttpServletRequest;Ljavax/servlet/http/HttpServletResponse;)V+20
j  org.eclipse.jetty.server.handler.HandlerList.handle(Ljava/lang/String;Lorg/eclipse/jetty/server/Request;Ljavax/servlet/http/HttpServletRequest;Ljavax/servlet/http/HttpServletResponse;)V+39
j  org.eclipse.jetty.server.handler.HandlerWrapper.handle(Ljava/lang/String;Lorg/eclipse/jetty/server/Request;Ljavax/servlet/http/HttpServletRequest;Ljavax/servlet/http/HttpServletResponse;)V+18
j  org.eclipse.jetty.server.Server.handle(Lorg/eclipse/jetty/server/HttpChannel;)V+141
j  org.eclipse.jetty.server.HttpChannel.handle()Z+332
j  org.eclipse.jetty.server.HttpConnection.onFillable()V+137
j  org.eclipse.jetty.io.AbstractConnection$ReadCallback.succeeded()V+4
j  org.eclipse.jetty.io.FillInterest.fillable()Z+57
j  org.eclipse.jetty.io.ChannelEndPoint$2.run()V+7
j  org.eclipse.jetty.util.thread.strategy.EatWhatYouKill.runTask(Ljava/lang/Runnable;)V+1
j  org.eclipse.jetty.util.thread.strategy.EatWhatYouKill.doProduce(Z)Z+507
j  org.eclipse.jetty.util.thread.strategy.EatWhatYouKill.tryProduce(Z)V+134
j  org.eclipse.jetty.util.thread.strategy.EatWhatYouKill.run()V+2
j  org.eclipse.jetty.util.thread.ReservedThreadExecutor$ReservedThread.run()V+203
j  org.eclipse.jetty.util.thread.QueuedThreadPool.runJob(Ljava/lang/Runnable;)V+1
j  org.eclipse.jetty.util.thread.QueuedThreadPool$Runner.run()V+175
j  java.lang.Thread.run()V+11 java.base@17.0.2
v  ~StubRoutines::call_stub

siginfo: si_signo: 11 (SIGSEGV), si_code: 1 (SEGV_MAPERR), si_addr: 0x0000000000000048

Register to memory mapping:

RAX=0x000000010c402575: Java_org_sqlite_core_NativeDB_reset+0 in /private/var/folders/g6/xz81mljn2hb6thx518194_4h0000gn/T/sqlite-3.34.0-7e50e90a-aa13-4fcf-973b-c3454d4f61da-libsqlitejdbc.jnilib at 0x000000010c400000
RBX=0x00007fe6379e4ca0 points into unknown readable memory: 0x00007fe6379e47f0 | f0 47 9e 37 e6 7f 00 00
RCX=0x00007fe635f41b88 points into unknown readable memory: 0x0000000000000000 | 00 00 00 00 00 00 00 00
RDX=0x00007fe6379e4ca0 points into unknown readable memory: 0x00007fe6379e47f0 | f0 47 9e 37 e6 7f 00 00
RSP=0x00007000117c1da0 is pointing into the stack for thread: 0x00007fe63713c800
RBP=0x00007000117c1da0 is pointing into the stack for thread: 0x00007fe63713c800
RSI=0x00007000117c1e88 is pointing into the stack for thread: 0x00007fe63713c800
RDI=0x0000000000000048 is an unknown value
R8 =0x00000000002db586 is an unknown value
R9 =0xffffffff00000000 is an unknown value
R10=0x000000011876ee77 is at code_begin+1079 in an Interpreter codelet
method entry point (kind = native_synchronized)  [0x000000011876ea40, 0x000000011876f3a0]  2400 bytes
R11=0x0000000000000121 is an unknown value
R12=0x0 is NULL
R13={method} {0x000000010c37a1b8} 'reset' '(J)I' in 'org/sqlite/core/NativeDB'
R14=0x00007fe6379e47f0 points into unknown readable memory: 0x00007fe6379e4340 | 40 43 9e 37 e6 7f 00 00
R15=0x0 is NULL


Registers:
RAX=0x000000010c402575, RBX=0x00007fe6379e4ca0, RCX=0x00007fe635f41b88, RDX=0x00007fe6379e4ca0
RSP=0x00007000117c1da0, RBP=0x00007000117c1da0, RSI=0x00007000117c1e88, RDI=0x0000000000000048
R8 =0x00000000002db586, R9 =0xffffffff00000000, R10=0x000000011876ee77, R11=0x0000000000000121
R12=0x0000000000000000, R13=0x000000010c37a1b8, R14=0x00007fe6379e47f0, R15=0x0000000000000000
RIP=0x00007fff20342d9b, EFLAGS=0x0000000000010206, ERR=0x0000000000000004
  TRAPNO=0x000000000000000e

Top of Stack: (sp=0x00007000117c1da0)
0x00007000117c1da0:   00007000117c1dd0 000000010c40b0b9
0x00007000117c1db0:   000000010c402575 000000010c37a1b8
0x00007000117c1dc0:   00007000117c1e88 00007fe63713c800
0x00007000117c1dd0:   00007000117c1e58 000000011876eea6
0x00007000117c1de0:   00007000117c1e58 000000011876ec4a
0x00007000117c1df0:   00007000117c1e68 000000011876ec13
0x00007000117c1e00:   0000000000000003 0000000787440d88
0x00007000117c1e10:   00007000117c1e00 000000010c37a1b8
0x00007000117c1e20:   00007000117c1e88 000000010c3cef80
0x00007000117c1e30:   0000000000000000 0000000787a1e690
0x00007000117c1e40:   000000010c37a1b8 0000000000000000
0x00007000117c1e50:   00007000117c1e78 00007000117c1ed8
0x00007000117c1e60:   000000011876a317 0000000000000000
0x00007000117c1e70:   000000011876bf76 00007fe6379e4ca0
0x00007000117c1e80:   0000000000000000 0000000787440d88
0x00007000117c1e90:   00007000117c1e90 000000010c3fe427
0x00007000117c1ea0:   00007000117c1ee8 000000012f802390
0x00007000117c1eb0:   0000000000000000 00000007879942e8
0x00007000117c1ec0:   000000010c3fe458 00007000117c1e78
0x00007000117c1ed0:   00007000117c1ee8 00007000117c1f38
0x00007000117c1ee0:   000000011876a77b 00000007874e7658
0x00007000117c1ef0:   00007000117c1ef0 000000010c355ced
0x00007000117c1f00:   00007000117c1f78 000000010c355f70
0x00007000117c1f10:   0000000000000000 0000000787bc1730
0x00007000117c1f20:   000000010c355e00 00007000117c1ee8
0x00007000117c1f30:   00007000117c1f70 00007000117c1fc8
0x00007000117c1f40:   000000011876a317 0000000000000000
0x00007000117c1f50:   0000000000000000 0000000000000000
0x00007000117c1f60:   0000000000000000 00000007874e7658
0x00007000117c1f70:   00000007874e5a10 00000007874e5e00
0x00007000117c1f80:   00007000117c1f80 000000010c1bf74d
0x00007000117c1f90:   00007000117c2030 000000010c1bfb90 

Instructions: (pc=0x00007fff20342d9b)
0x00007fff20342c9b:   80 38 31 0f 94 c0 eb 12 41 8b 46 2c 85 c0 74 08
0x00007fff20342cab:   c1 e8 09 83 e0 01 eb 02 31 c0 38 05 0a 35 69 68
0x00007fff20342cbb:   74 06 88 05 02 35 69 68 48 83 c4 08 5b 41 5e 41
0x00007fff20342ccb:   5f 5d c3 55 48 89 e5 41 56 53 89 fb 8d 4b f6 b8
0x00007fff20342cdb:   16 00 00 00 81 f9 f5 00 00 00 77 47 49 89 f6 48
0x00007fff20342ceb:   8d 3d c3 6d 66 68 be 00 00 05 00 e8 dd 7e 00 00
0x00007fff20342cfb:   89 d8 48 8d 0d bc 6d 66 68 48 83 3c c1 00 75 07
0x00007fff20342d0b:   49 f7 d6 4c 89 34 c1 39 1d 40 6d 66 68 7d 06 89
0x00007fff20342d1b:   1d 38 6d 66 68 48 8d 3d 8d 6d 66 68 e8 b2 7e 00
0x00007fff20342d2b:   00 31 c0 5b 41 5e 5d c3 55 48 89 e5 41 56 53 48
0x00007fff20342d3b:   89 f3 49 89 fe 48 8d 3d 6d 6d 66 68 be 00 00 05
0x00007fff20342d4b:   00 e8 87 7e 00 00 b8 00 01 00 00 48 8d 0d 63 6d
0x00007fff20342d5b:   66 68 48 83 3c c1 00 74 12 48 ff c0 48 3d 00 03
0x00007fff20342d6b:   00 00 75 ee bb 23 00 00 00 eb 0c 48 f7 d3 48 89
0x00007fff20342d7b:   1c c1 49 89 06 31 db 48 8d 3d 2b 6d 66 68 e8 50
0x00007fff20342d8b:   7e 00 00 89 d8 5b 41 5e 5d c3 90 90 55 48 89 e5
0x00007fff20342d9b:   48 81 3f 5a 54 55 4d 75 78 8b 47 0c 89 c1 81 e1
0x00007fff20342dab:   c0 01 00 00 83 f9 40 74 70 0f ba e0 0e 72 72 48
0x00007fff20342dbb:   c7 c0 f8 ff ff ff 48 8d 57 27 48 21 c2 48 8b 0a
0x00007fff20342dcb:   f6 c1 02 75 44 4c 8d 57 1f 49 21 c2 65 4c 8b 04
0x00007fff20342ddb:   25 f8 ff ff ff 49 b9 00 00 00 00 ff ff ff ff 48
0x00007fff20342deb:   89 ce f6 c1 02 75 22 4c 21 ce 89 c8 48 09 f0 83
0x00007fff20342dfb:   c9 02 48 09 f1 f0 48 0f b1 0a 48 89 c1 48 89 c6
0x00007fff20342e0b:   75 e0 4d 89 02 31 c0 5d c3 31 f6 5d e9 cd 02 00
0x00007fff20342e1b:   00 31 f6 5d e9 28 00 00 00 31 f6 5d e9 00 71 00
0x00007fff20342e2b:   00 65 8b 34 25 18 00 00 00 83 e6 fc 31 c0 f0 0f
0x00007fff20342e3b:   b1 77 18 74 d0 89 c2 e8 d7 6e 00 00 eb c7 90 90
0x00007fff20342e4b:   90 55 48 89 e5 41 56 53 41 89 f6 48 89 fb 8b 07
0x00007fff20342e5b:   83 e0 fd 3d 58 54 55 4d 74 11 48 89 df e8 42 00
0x00007fff20342e6b:   00 00 85 c0 74 05 5b 41 5e 5d c3 8b 43 0c 89 c1
0x00007fff20342e7b:   81 e1 c0 01 00 00 41 0f b6 f6 48 89 df 83 f9 40
0x00007fff20342e8b:   74 0f 0f ba e0 0e 72 12 5b 41 5e 5d e9 4d 02 00 


Stack slot to memory mapping:
stack at sp + 0 slots: 0x00007000117c1dd0 is pointing into the stack for thread: 0x00007fe63713c800
stack at sp + 1 slots: 0x000000010c40b0b9: Java_org_sqlite_core_NativeDB_set_1commit_1listener+0x763f in /private/var/folders/g6/xz81mljn2hb6thx518194_4h0000gn/T/sqlite-3.34.0-7e50e90a-aa13-4fcf-973b-c3454d4f61da-libsqlitejdbc.jnilib at 0x000000010c400000
stack at sp + 2 slots: 0x000000010c402575: Java_org_sqlite_core_NativeDB_reset+0 in /private/var/folders/g6/xz81mljn2hb6thx518194_4h0000gn/T/sqlite-3.34.0-7e50e90a-aa13-4fcf-973b-c3454d4f61da-libsqlitejdbc.jnilib at 0x000000010c400000
stack at sp + 3 slots: {method} {0x000000010c37a1b8} 'reset' '(J)I' in 'org/sqlite/core/NativeDB'
stack at sp + 4 slots: 0x00007000117c1e88 is pointing into the stack for thread: 0x00007fe63713c800
stack at sp + 5 slots: 0x00007fe63713c800 is a thread
stack at sp + 6 slots: 0x00007000117c1e58 is pointing into the stack for thread: 0x00007fe63713c800
stack at sp + 7 slots: 0x000000011876eea6 is at code_begin+1126 in an Interpreter codelet
method entry point (kind = native_synchronized)  [0x000000011876ea40, 0x000000011876f3a0]  2400 bytes


---------------  P R O C E S S  ---------------

Threads class SMR info:
_java_thread_list=0x00007fe63a50b340, length=25, elements={
0x00007fe639008a00, 0x00007fe636010600, 0x00007fe636010c00, 0x00007fe63682d200,
0x00007fe63801e200, 0x00007fe638027000, 0x00007fe638027600, 0x00007fe63682d800,
0x00007fe63a810c00, 0x00007fe636011200, 0x00007fe638028600, 0x00007fe63b010200,
0x00007fe636270000, 0x00007fe638809a00, 0x00007fe63a81ae00, 0x00007fe636a2a600,
0x00007fe636a28e00, 0x00007fe636a29400, 0x00007fe63713c800, 0x00007fe6361be400,
0x00007fe6361bc200, 0x00007fe6361bd600, 0x00007fe63880c000, 0x00007fe63a81be00,
0x00007fe639009000
}

Java Threads: ( => current thread )
  0x00007fe639008a00 JavaThread "main" [_thread_in_native, id=9731, stack(0x000070000f969000,0x000070000fa69000)]
  0x00007fe636010600 JavaThread "Reference Handler" daemon [_thread_blocked, id=16131, stack(0x000070001007e000,0x000070001017e000)]
  0x00007fe636010c00 JavaThread "Finalizer" daemon [_thread_blocked, id=15619, stack(0x0000700010181000,0x0000700010281000)]
  0x00007fe63682d200 JavaThread "Signal Dispatcher" daemon [_thread_blocked, id=41731, stack(0x000070001038a000,0x000070001048a000)]
  0x00007fe63801e200 JavaThread "Service Thread" daemon [_thread_blocked, id=41219, stack(0x000070001048d000,0x000070001058d000)]
  0x00007fe638027000 JavaThread "Monitor Deflation Thread" daemon [_thread_blocked, id=23043, stack(0x0000700010590000,0x0000700010690000)]
  0x00007fe638027600 JavaThread "C2 CompilerThread0" daemon [_thread_blocked, id=23299, stack(0x0000700010693000,0x0000700010793000)]
  0x00007fe63682d800 JavaThread "C1 CompilerThread0" daemon [_thread_blocked, id=23555, stack(0x0000700010796000,0x0000700010896000)]
  0x00007fe63a810c00 JavaThread "Sweeper thread" daemon [_thread_blocked, id=24067, stack(0x0000700010899000,0x0000700010999000)]
  0x00007fe636011200 JavaThread "Notification Thread" daemon [_thread_blocked, id=40195, stack(0x000070001099c000,0x0000700010a9c000)]
  0x00007fe638028600 JavaThread "Common-Cleaner" daemon [_thread_blocked, id=24323, stack(0x0000700010ba2000,0x0000700010ca2000)]
  0x00007fe63b010200 JavaThread "Thread-0" [_thread_blocked, id=24579, stack(0x0000700010ca5000,0x0000700010da5000)]
  0x00007fe636270000 JavaThread "qtp788742957-16" [_thread_in_native, id=38147, stack(0x00007000110b1000,0x00007000111b1000)]
  0x00007fe638809a00 JavaThread "qtp788742957-17" [_thread_blocked, id=37635, stack(0x00007000111b4000,0x00007000112b4000)]
  0x00007fe63a81ae00 JavaThread "qtp788742957-18" [_thread_in_native, id=37379, stack(0x00007000112b7000,0x00007000113b7000)]
  0x00007fe636a2a600 JavaThread "qtp788742957-19" [_thread_blocked, id=26115, stack(0x00007000113ba000,0x00007000114ba000)]
  0x00007fe636a28e00 JavaThread "qtp788742957-20-acceptor-0@5bdadb70-ServerConnector@68492d8d{HTTP/1.1,[http/1.1]}{127.0.0.1:4567}" [_thread_in_native, id=26627, stack(0x00007000114bd000,0x00007000115bd000)]
  0x00007fe636a29400 JavaThread "qtp788742957-21" [_thread_in_native, id=36611, stack(0x00007000115c0000,0x00007000116c0000)]
=>0x00007fe63713c800 JavaThread "qtp788742957-22" [_thread_in_native, id=36355, stack(0x00007000116c3000,0x00007000117c3000)]
  0x00007fe6361be400 JavaThread "qtp788742957-23" [_thread_in_native, id=36099, stack(0x00007000117c6000,0x00007000118c6000)]
  0x00007fe6361bc200 JavaThread "Session-HouseKeeper-1151d27c" [_thread_blocked, id=35587, stack(0x00007000118c9000,0x00007000119c9000)]
  0x00007fe6361bd600 JavaThread "Connector-Scheduler-68492d8d" [_thread_blocked, id=22539, stack(0x00007000119cc000,0x0000700011acc000)]
  0x00007fe63880c000 JavaThread "qtp788742957-26" [_thread_blocked, id=35075, stack(0x0000700011acf000,0x0000700011bcf000)]
  0x00007fe63a81be00 JavaThread "qtp788742957-27" [_thread_blocked, id=34563, stack(0x0000700011bd2000,0x0000700011cd2000)]
  0x00007fe639009000 JavaThread "qtp788742957-28" [_thread_blocked, id=27907, stack(0x0000700011cd5000,0x0000700011dd5000)]

Other Threads:
  0x00007fe63781a130 VMThread "VM Thread" [stack: 0x000070000ff7b000,0x000070001007b000] [id=14339]
  0x00007fe635e15290 WatcherThread [stack: 0x0000700010a9f000,0x0000700010b9f000] [id=39683]
  0x00007fe635e10a00 GCTaskThread "GC Thread#0" [stack: 0x000070000fa6c000,0x000070000fb6c000] [id=19203]
  0x00007fe635c9d4c0 GCTaskThread "GC Thread#1" [stack: 0x0000700010da8000,0x0000700010ea8000] [id=38915]
  0x00007fe635c9dd40 GCTaskThread "GC Thread#2" [stack: 0x0000700010eab000,0x0000700010fab000] [id=38659]
  0x00007fe635c9e600 GCTaskThread "GC Thread#3" [stack: 0x0000700010fae000,0x00007000110ae000] [id=25603]
  0x00007fe635c0be80 ConcurrentGCThread "G1 Main Marker" [stack: 0x000070000fb6f000,0x000070000fc6f000] [id=11779]
  0x00007fe635c0ca00 ConcurrentGCThread "G1 Conc#0" [stack: 0x000070000fc72000,0x000070000fd72000] [id=12291]
  0x00007fe635c27230 ConcurrentGCThread "G1 Refine#0" [stack: 0x000070000fd75000,0x000070000fe75000] [id=12803]
  0x00007fe635c27f40 ConcurrentGCThread "G1 Service" [stack: 0x000070000fe78000,0x000070000ff78000] [id=13059]

Threads with active compile tasks:

VM state: not at safepoint (normal execution)

VM Mutex/Monitor currently owned by a thread: None

Heap address: 0x0000000780000000, size: 2048 MB, Compressed Oops mode: Zero based, Oop shift amount: 3

CDS archive(s) mapped at: [0x0000000800000000-0x0000000800bd8000-0x0000000800bd8000), size 12419072, SharedBaseAddress: 0x0000000800000000, ArchiveRelocationMode: 0.
Compressed class space mapped at: 0x0000000800c00000-0x0000000840c00000, reserved size: 1073741824
Narrow klass base: 0x0000000800000000, Narrow klass shift: 0, Narrow klass range: 0x100000000

GC Precious Log:
 CPUs: 8 total, 8 available
 Memory: 8192M
 Large Page Support: Disabled
 NUMA Support: Disabled
 Compressed Oops: Enabled (Zero based)
 Heap Region Size: 1M
 Heap Min Capacity: 8M
 Heap Initial Capacity: 128M
 Heap Max Capacity: 2G
 Pre-touch: Disabled
 Parallel Workers: 8
 Concurrent Workers: 2
 Concurrent Refinement Workers: 8
 Periodic GC: Disabled

Heap:
 garbage-first heap   total 133120K, used 18856K [0x0000000780000000, 0x0000000800000000)
  region size 1024K, 16 young (16384K), 3 survivors (3072K)
 Metaspace       used 9700K, committed 9920K, reserved 1064960K
  class space    used 1175K, committed 1280K, reserved 1048576K

Heap Regions: E=young(eden), S=young(survivor), O=old, HS=humongous(starts), HC=humongous(continues), CS=collection set, F=free, OA=open archive, CA=closed archive, TAMS=top-at-mark-start (previous, next)
|   0|0x0000000780000000, 0x0000000780100000, 0x0000000780100000|100%| O|  |TAMS 0x0000000780000000, 0x0000000780000000| Untracked 
|   1|0x0000000780100000, 0x0000000780200000, 0x0000000780200000|100%| O|  |TAMS 0x0000000780100000, 0x0000000780100000| Untracked 
|   2|0x0000000780200000, 0x0000000780275200, 0x0000000780300000| 45%| O|  |TAMS 0x0000000780200000, 0x0000000780200000| Untracked 
|   3|0x0000000780300000, 0x0000000780300000, 0x0000000780400000|  0%| F|  |TAMS 0x0000000780300000, 0x0000000780300000| Untracked 
|   4|0x0000000780400000, 0x0000000780400000, 0x0000000780500000|  0%| F|  |TAMS 0x0000000780400000, 0x0000000780400000| Untracked 
|   5|0x0000000780500000, 0x0000000780500000, 0x0000000780600000|  0%| F|  |TAMS 0x0000000780500000, 0x0000000780500000| Untracked 
|   6|0x0000000780600000, 0x0000000780600000, 0x0000000780700000|  0%| F|  |TAMS 0x0000000780600000, 0x0000000780600000| Untracked 
|   7|0x0000000780700000, 0x0000000780700000, 0x0000000780800000|  0%| F|  |TAMS 0x0000000780700000, 0x0000000780700000| Untracked 
|   8|0x0000000780800000, 0x0000000780800000, 0x0000000780900000|  0%| F|  |TAMS 0x0000000780800000, 0x0000000780800000| Untracked 
|   9|0x0000000780900000, 0x0000000780900000, 0x0000000780a00000|  0%| F|  |TAMS 0x0000000780900000, 0x0000000780900000| Untracked 
|  10|0x0000000780a00000, 0x0000000780a00000, 0x0000000780b00000|  0%| F|  |TAMS 0x0000000780a00000, 0x0000000780a00000| Untracked 
|  11|0x0000000780b00000, 0x0000000780b00000, 0x0000000780c00000|  0%| F|  |TAMS 0x0000000780b00000, 0x0000000780b00000| Untracked 
|  12|0x0000000780c00000, 0x0000000780c00000, 0x0000000780d00000|  0%| F|  |TAMS 0x0000000780c00000, 0x0000000780c00000| Untracked 
|  13|0x0000000780d00000, 0x0000000780d00000, 0x0000000780e00000|  0%| F|  |TAMS 0x0000000780d00000, 0x0000000780d00000| Untracked 
|  14|0x0000000780e00000, 0x0000000780e00000, 0x0000000780f00000|  0%| F|  |TAMS 0x0000000780e00000, 0x0000000780e00000| Untracked 
|  15|0x0000000780f00000, 0x0000000780f00000, 0x0000000781000000|  0%| F|  |TAMS 0x0000000780f00000, 0x0000000780f00000| Untracked 
|  16|0x0000000781000000, 0x0000000781000000, 0x0000000781100000|  0%| F|  |TAMS 0x0000000781000000, 0x0000000781000000| Untracked 
|  17|0x0000000781100000, 0x0000000781100000, 0x0000000781200000|  0%| F|  |TAMS 0x0000000781100000, 0x0000000781100000| Untracked 
|  18|0x0000000781200000, 0x0000000781200000, 0x0000000781300000|  0%| F|  |TAMS 0x0000000781200000, 0x0000000781200000| Untracked 
|  19|0x0000000781300000, 0x0000000781300000, 0x0000000781400000|  0%| F|  |TAMS 0x0000000781300000, 0x0000000781300000| Untracked 
|  20|0x0000000781400000, 0x0000000781400000, 0x0000000781500000|  0%| F|  |TAMS 0x0000000781400000, 0x0000000781400000| Untracked 
|  21|0x0000000781500000, 0x0000000781500000, 0x0000000781600000|  0%| F|  |TAMS 0x0000000781500000, 0x0000000781500000| Untracked 
|  22|0x0000000781600000, 0x0000000781600000, 0x0000000781700000|  0%| F|  |TAMS 0x0000000781600000, 0x0000000781600000| Untracked 
|  23|0x0000000781700000, 0x0000000781700000, 0x0000000781800000|  0%| F|  |TAMS 0x0000000781700000, 0x0000000781700000| Untracked 
|  24|0x0000000781800000, 0x0000000781800000, 0x0000000781900000|  0%| F|  |TAMS 0x0000000781800000, 0x0000000781800000| Untracked 
|  25|0x0000000781900000, 0x0000000781900000, 0x0000000781a00000|  0%| F|  |TAMS 0x0000000781900000, 0x0000000781900000| Untracked 
|  26|0x0000000781a00000, 0x0000000781a00000, 0x0000000781b00000|  0%| F|  |TAMS 0x0000000781a00000, 0x0000000781a00000| Untracked 
|  27|0x0000000781b00000, 0x0000000781b00000, 0x0000000781c00000|  0%| F|  |TAMS 0x0000000781b00000, 0x0000000781b00000| Untracked 
|  28|0x0000000781c00000, 0x0000000781c00000, 0x0000000781d00000|  0%| F|  |TAMS 0x0000000781c00000, 0x0000000781c00000| Untracked 
|  29|0x0000000781d00000, 0x0000000781d00000, 0x0000000781e00000|  0%| F|  |TAMS 0x0000000781d00000, 0x0000000781d00000| Untracked 
|  30|0x0000000781e00000, 0x0000000781e00000, 0x0000000781f00000|  0%| F|  |TAMS 0x0000000781e00000, 0x0000000781e00000| Untracked 
|  31|0x0000000781f00000, 0x0000000781f00000, 0x0000000782000000|  0%| F|  |TAMS 0x0000000781f00000, 0x0000000781f00000| Untracked 
|  32|0x0000000782000000, 0x0000000782000000, 0x0000000782100000|  0%| F|  |TAMS 0x0000000782000000, 0x0000000782000000| Untracked 
|  33|0x0000000782100000, 0x0000000782100000, 0x0000000782200000|  0%| F|  |TAMS 0x0000000782100000, 0x0000000782100000| Untracked 
|  34|0x0000000782200000, 0x0000000782200000, 0x0000000782300000|  0%| F|  |TAMS 0x0000000782200000, 0x0000000782200000| Untracked 
|  35|0x0000000782300000, 0x0000000782300000, 0x0000000782400000|  0%| F|  |TAMS 0x0000000782300000, 0x0000000782300000| Untracked 
|  36|0x0000000782400000, 0x0000000782400000, 0x0000000782500000|  0%| F|  |TAMS 0x0000000782400000, 0x0000000782400000| Untracked 
|  37|0x0000000782500000, 0x0000000782500000, 0x0000000782600000|  0%| F|  |TAMS 0x0000000782500000, 0x0000000782500000| Untracked 
|  38|0x0000000782600000, 0x0000000782600000, 0x0000000782700000|  0%| F|  |TAMS 0x0000000782600000, 0x0000000782600000| Untracked 
|  39|0x0000000782700000, 0x0000000782700000, 0x0000000782800000|  0%| F|  |TAMS 0x0000000782700000, 0x0000000782700000| Untracked 
|  40|0x0000000782800000, 0x0000000782800000, 0x0000000782900000|  0%| F|  |TAMS 0x0000000782800000, 0x0000000782800000| Untracked 
|  41|0x0000000782900000, 0x0000000782900000, 0x0000000782a00000|  0%| F|  |TAMS 0x0000000782900000, 0x0000000782900000| Untracked 
|  42|0x0000000782a00000, 0x0000000782a00000, 0x0000000782b00000|  0%| F|  |TAMS 0x0000000782a00000, 0x0000000782a00000| Untracked 
|  43|0x0000000782b00000, 0x0000000782b00000, 0x0000000782c00000|  0%| F|  |TAMS 0x0000000782b00000, 0x0000000782b00000| Untracked 
|  44|0x0000000782c00000, 0x0000000782c00000, 0x0000000782d00000|  0%| F|  |TAMS 0x0000000782c00000, 0x0000000782c00000| Untracked 
|  45|0x0000000782d00000, 0x0000000782d00000, 0x0000000782e00000|  0%| F|  |TAMS 0x0000000782d00000, 0x0000000782d00000| Untracked 
|  46|0x0000000782e00000, 0x0000000782e00000, 0x0000000782f00000|  0%| F|  |TAMS 0x0000000782e00000, 0x0000000782e00000| Untracked 
|  47|0x0000000782f00000, 0x0000000782f00000, 0x0000000783000000|  0%| F|  |TAMS 0x0000000782f00000, 0x0000000782f00000| Untracked 
|  48|0x0000000783000000, 0x0000000783000000, 0x0000000783100000|  0%| F|  |TAMS 0x0000000783000000, 0x0000000783000000| Untracked 
|  49|0x0000000783100000, 0x0000000783100000, 0x0000000783200000|  0%| F|  |TAMS 0x0000000783100000, 0x0000000783100000| Untracked 
|  50|0x0000000783200000, 0x0000000783200000, 0x0000000783300000|  0%| F|  |TAMS 0x0000000783200000, 0x0000000783200000| Untracked 
|  51|0x0000000783300000, 0x0000000783300000, 0x0000000783400000|  0%| F|  |TAMS 0x0000000783300000, 0x0000000783300000| Untracked 
|  52|0x0000000783400000, 0x0000000783400000, 0x0000000783500000|  0%| F|  |TAMS 0x0000000783400000, 0x0000000783400000| Untracked 
|  53|0x0000000783500000, 0x0000000783500000, 0x0000000783600000|  0%| F|  |TAMS 0x0000000783500000, 0x0000000783500000| Untracked 
|  54|0x0000000783600000, 0x0000000783600000, 0x0000000783700000|  0%| F|  |TAMS 0x0000000783600000, 0x0000000783600000| Untracked 
|  55|0x0000000783700000, 0x0000000783700000, 0x0000000783800000|  0%| F|  |TAMS 0x0000000783700000, 0x0000000783700000| Untracked 
|  56|0x0000000783800000, 0x0000000783800000, 0x0000000783900000|  0%| F|  |TAMS 0x0000000783800000, 0x0000000783800000| Untracked 
|  57|0x0000000783900000, 0x0000000783900000, 0x0000000783a00000|  0%| F|  |TAMS 0x0000000783900000, 0x0000000783900000| Untracked 
|  58|0x0000000783a00000, 0x0000000783a00000, 0x0000000783b00000|  0%| F|  |TAMS 0x0000000783a00000, 0x0000000783a00000| Untracked 
|  59|0x0000000783b00000, 0x0000000783b00000, 0x0000000783c00000|  0%| F|  |TAMS 0x0000000783b00000, 0x0000000783b00000| Untracked 
|  60|0x0000000783c00000, 0x0000000783c00000, 0x0000000783d00000|  0%| F|  |TAMS 0x0000000783c00000, 0x0000000783c00000| Untracked 
|  61|0x0000000783d00000, 0x0000000783d00000, 0x0000000783e00000|  0%| F|  |TAMS 0x0000000783d00000, 0x0000000783d00000| Untracked 
|  62|0x0000000783e00000, 0x0000000783e00000, 0x0000000783f00000|  0%| F|  |TAMS 0x0000000783e00000, 0x0000000783e00000| Untracked 
|  63|0x0000000783f00000, 0x0000000783f00000, 0x0000000784000000|  0%| F|  |TAMS 0x0000000783f00000, 0x0000000783f00000| Untracked 
|  64|0x0000000784000000, 0x0000000784000000, 0x0000000784100000|  0%| F|  |TAMS 0x0000000784000000, 0x0000000784000000| Untracked 
|  65|0x0000000784100000, 0x0000000784100000, 0x0000000784200000|  0%| F|  |TAMS 0x0000000784100000, 0x0000000784100000| Untracked 
|  66|0x0000000784200000, 0x0000000784200000, 0x0000000784300000|  0%| F|  |TAMS 0x0000000784200000, 0x0000000784200000| Untracked 
|  67|0x0000000784300000, 0x0000000784300000, 0x0000000784400000|  0%| F|  |TAMS 0x0000000784300000, 0x0000000784300000| Untracked 
|  68|0x0000000784400000, 0x0000000784400000, 0x0000000784500000|  0%| F|  |TAMS 0x0000000784400000, 0x0000000784400000| Untracked 
|  69|0x0000000784500000, 0x0000000784500000, 0x0000000784600000|  0%| F|  |TAMS 0x0000000784500000, 0x0000000784500000| Untracked 
|  70|0x0000000784600000, 0x0000000784600000, 0x0000000784700000|  0%| F|  |TAMS 0x0000000784600000, 0x0000000784600000| Untracked 
|  71|0x0000000784700000, 0x0000000784700000, 0x0000000784800000|  0%| F|  |TAMS 0x0000000784700000, 0x0000000784700000| Untracked 
|  72|0x0000000784800000, 0x0000000784800000, 0x0000000784900000|  0%| F|  |TAMS 0x0000000784800000, 0x0000000784800000| Untracked 
|  73|0x0000000784900000, 0x0000000784900000, 0x0000000784a00000|  0%| F|  |TAMS 0x0000000784900000, 0x0000000784900000| Untracked 
|  74|0x0000000784a00000, 0x0000000784a00000, 0x0000000784b00000|  0%| F|  |TAMS 0x0000000784a00000, 0x0000000784a00000| Untracked 
|  75|0x0000000784b00000, 0x0000000784b00000, 0x0000000784c00000|  0%| F|  |TAMS 0x0000000784b00000, 0x0000000784b00000| Untracked 
|  76|0x0000000784c00000, 0x0000000784c00000, 0x0000000784d00000|  0%| F|  |TAMS 0x0000000784c00000, 0x0000000784c00000| Untracked 
|  77|0x0000000784d00000, 0x0000000784d00000, 0x0000000784e00000|  0%| F|  |TAMS 0x0000000784d00000, 0x0000000784d00000| Untracked 
|  78|0x0000000784e00000, 0x0000000784e00000, 0x0000000784f00000|  0%| F|  |TAMS 0x0000000784e00000, 0x0000000784e00000| Untracked 
|  79|0x0000000784f00000, 0x0000000784f00000, 0x0000000785000000|  0%| F|  |TAMS 0x0000000784f00000, 0x0000000784f00000| Untracked 
|  80|0x0000000785000000, 0x0000000785000000, 0x0000000785100000|  0%| F|  |TAMS 0x0000000785000000, 0x0000000785000000| Untracked 
|  81|0x0000000785100000, 0x0000000785100000, 0x0000000785200000|  0%| F|  |TAMS 0x0000000785100000, 0x0000000785100000| Untracked 
|  82|0x0000000785200000, 0x0000000785200000, 0x0000000785300000|  0%| F|  |TAMS 0x0000000785200000, 0x0000000785200000| Untracked 
|  83|0x0000000785300000, 0x0000000785300000, 0x0000000785400000|  0%| F|  |TAMS 0x0000000785300000, 0x0000000785300000| Untracked 
|  84|0x0000000785400000, 0x0000000785400000, 0x0000000785500000|  0%| F|  |TAMS 0x0000000785400000, 0x0000000785400000| Untracked 
|  85|0x0000000785500000, 0x0000000785500000, 0x0000000785600000|  0%| F|  |TAMS 0x0000000785500000, 0x0000000785500000| Untracked 
|  86|0x0000000785600000, 0x0000000785600000, 0x0000000785700000|  0%| F|  |TAMS 0x0000000785600000, 0x0000000785600000| Untracked 
|  87|0x0000000785700000, 0x0000000785700000, 0x0000000785800000|  0%| F|  |TAMS 0x0000000785700000, 0x0000000785700000| Untracked 
|  88|0x0000000785800000, 0x0000000785800000, 0x0000000785900000|  0%| F|  |TAMS 0x0000000785800000, 0x0000000785800000| Untracked 
|  89|0x0000000785900000, 0x0000000785900000, 0x0000000785a00000|  0%| F|  |TAMS 0x0000000785900000, 0x0000000785900000| Untracked 
|  90|0x0000000785a00000, 0x0000000785a00000, 0x0000000785b00000|  0%| F|  |TAMS 0x0000000785a00000, 0x0000000785a00000| Untracked 
|  91|0x0000000785b00000, 0x0000000785b00000, 0x0000000785c00000|  0%| F|  |TAMS 0x0000000785b00000, 0x0000000785b00000| Untracked 
|  92|0x0000000785c00000, 0x0000000785c00000, 0x0000000785d00000|  0%| F|  |TAMS 0x0000000785c00000, 0x0000000785c00000| Untracked 
|  93|0x0000000785d00000, 0x0000000785d00000, 0x0000000785e00000|  0%| F|  |TAMS 0x0000000785d00000, 0x0000000785d00000| Untracked 
|  94|0x0000000785e00000, 0x0000000785e00000, 0x0000000785f00000|  0%| F|  |TAMS 0x0000000785e00000, 0x0000000785e00000| Untracked 
|  95|0x0000000785f00000, 0x0000000785f00000, 0x0000000786000000|  0%| F|  |TAMS 0x0000000785f00000, 0x0000000785f00000| Untracked 
|  96|0x0000000786000000, 0x0000000786000000, 0x0000000786100000|  0%| F|  |TAMS 0x0000000786000000, 0x0000000786000000| Untracked 
|  97|0x0000000786100000, 0x0000000786100000, 0x0000000786200000|  0%| F|  |TAMS 0x0000000786100000, 0x0000000786100000| Untracked 
|  98|0x0000000786200000, 0x0000000786200000, 0x0000000786300000|  0%| F|  |TAMS 0x0000000786200000, 0x0000000786200000| Untracked 
|  99|0x0000000786300000, 0x0000000786300000, 0x0000000786400000|  0%| F|  |TAMS 0x0000000786300000, 0x0000000786300000| Untracked 
| 100|0x0000000786400000, 0x0000000786400000, 0x0000000786500000|  0%| F|  |TAMS 0x0000000786400000, 0x0000000786400000| Untracked 
| 101|0x0000000786500000, 0x0000000786500000, 0x0000000786600000|  0%| F|  |TAMS 0x0000000786500000, 0x0000000786500000| Untracked 
| 102|0x0000000786600000, 0x0000000786700000, 0x0000000786700000|100%| S|CS|TAMS 0x0000000786600000, 0x0000000786600000| Complete 
| 103|0x0000000786700000, 0x0000000786800000, 0x0000000786800000|100%| S|CS|TAMS 0x0000000786700000, 0x0000000786700000| Complete 
| 104|0x0000000786800000, 0x0000000786900000, 0x0000000786900000|100%| S|CS|TAMS 0x0000000786800000, 0x0000000786800000| Complete 
| 105|0x0000000786900000, 0x0000000786900000, 0x0000000786a00000|  0%| F|  |TAMS 0x0000000786900000, 0x0000000786900000| Untracked 
| 106|0x0000000786a00000, 0x0000000786a00000, 0x0000000786b00000|  0%| F|  |TAMS 0x0000000786a00000, 0x0000000786a00000| Untracked 
| 107|0x0000000786b00000, 0x0000000786b00000, 0x0000000786c00000|  0%| F|  |TAMS 0x0000000786b00000, 0x0000000786b00000| Untracked 
| 108|0x0000000786c00000, 0x0000000786c00000, 0x0000000786d00000|  0%| F|  |TAMS 0x0000000786c00000, 0x0000000786c00000| Untracked 
| 109|0x0000000786d00000, 0x0000000786d00000, 0x0000000786e00000|  0%| F|  |TAMS 0x0000000786d00000, 0x0000000786d00000| Untracked 
| 110|0x0000000786e00000, 0x0000000786e00000, 0x0000000786f00000|  0%| F|  |TAMS 0x0000000786e00000, 0x0000000786e00000| Untracked 
| 111|0x0000000786f00000, 0x0000000786f00000, 0x0000000787000000|  0%| F|  |TAMS 0x0000000786f00000, 0x0000000786f00000| Untracked 
| 112|0x0000000787000000, 0x0000000787000000, 0x0000000787100000|  0%| F|  |TAMS 0x0000000787000000, 0x0000000787000000| Untracked 
| 113|0x0000000787100000, 0x0000000787100000, 0x0000000787200000|  0%| F|  |TAMS 0x0000000787100000, 0x0000000787100000| Untracked 
| 114|0x0000000787200000, 0x0000000787200000, 0x0000000787300000|  0%| F|  |TAMS 0x0000000787200000, 0x0000000787200000| Untracked 
| 115|0x0000000787300000, 0x00000007873415c0, 0x0000000787400000| 25%| E|  |TAMS 0x0000000787300000, 0x0000000787300000| Complete 
| 116|0x0000000787400000, 0x0000000787500000, 0x0000000787500000|100%| E|CS|TAMS 0x0000000787400000, 0x0000000787400000| Complete 
| 117|0x0000000787500000, 0x0000000787600000, 0x0000000787600000|100%| E|CS|TAMS 0x0000000787500000, 0x0000000787500000| Complete 
| 118|0x0000000787600000, 0x0000000787700000, 0x0000000787700000|100%| E|CS|TAMS 0x0000000787600000, 0x0000000787600000| Complete 
| 119|0x0000000787700000, 0x0000000787800000, 0x0000000787800000|100%| E|CS|TAMS 0x0000000787700000, 0x0000000787700000| Complete 
| 120|0x0000000787800000, 0x0000000787900000, 0x0000000787900000|100%| E|CS|TAMS 0x0000000787800000, 0x0000000787800000| Complete 
| 121|0x0000000787900000, 0x0000000787a00000, 0x0000000787a00000|100%| E|CS|TAMS 0x0000000787900000, 0x0000000787900000| Complete 
| 122|0x0000000787a00000, 0x0000000787b00000, 0x0000000787b00000|100%| E|CS|TAMS 0x0000000787a00000, 0x0000000787a00000| Complete 
| 123|0x0000000787b00000, 0x0000000787c00000, 0x0000000787c00000|100%| E|CS|TAMS 0x0000000787b00000, 0x0000000787b00000| Complete 
| 124|0x0000000787c00000, 0x0000000787d00000, 0x0000000787d00000|100%| E|CS|TAMS 0x0000000787c00000, 0x0000000787c00000| Complete 
| 125|0x0000000787d00000, 0x0000000787e00000, 0x0000000787e00000|100%| E|CS|TAMS 0x0000000787d00000, 0x0000000787d00000| Complete 
| 126|0x0000000787e00000, 0x0000000787f00000, 0x0000000787f00000|100%| E|CS|TAMS 0x0000000787e00000, 0x0000000787e00000| Complete 
| 127|0x0000000787f00000, 0x0000000788000000, 0x0000000788000000|100%| E|CS|TAMS 0x0000000787f00000, 0x0000000787f00000| Complete 
|2046|0x00000007ffe00000, 0x00000007ffe76000, 0x00000007fff00000| 46%|OA|  |TAMS 0x00000007ffe00000, 0x00000007ffe00000| Untracked 
|2047|0x00000007fff00000, 0x00000007fff7f000, 0x0000000800000000| 49%|CA|  |TAMS 0x00000007fff00000, 0x00000007fff00000| Untracked 

Card table byte_map: [0x000000010b2cd000,0x000000010b6cd000] _byte_map_base: 0x00000001076cd000

Marking Bits (Prev, Next): (CMBitMap*) 0x00007fe636015410, (CMBitMap*) 0x00007fe636015450
 Prev Bits: [0x0000000127761000, 0x0000000129761000)
 Next Bits: [0x0000000129761000, 0x000000012b761000)

Polling page: 0x000000010ac71000

Metaspace:

Usage:
  Non-class:      8.33 MB used.
      Class:      1.15 MB used.
       Both:      9.47 MB used.

Virtual space:
  Non-class space:       16.00 MB reserved,       8.44 MB ( 53%) committed,  2 nodes.
      Class space:        1.00 GB reserved,       1.25 MB ( <1%) committed,  1 nodes.
             Both:        1.02 GB reserved,       9.69 MB ( <1%) committed. 

Chunk freelists:
   Non-Class:  3.09 MB
       Class:  2.73 MB
        Both:  5.83 MB

MaxMetaspaceSize: unlimited
CompressedClassSpaceSize: 1.00 GB
Initial GC threshold: 21.00 MB
Current GC threshold: 21.00 MB
CDS: on
MetaspaceReclaimPolicy: balanced
 - commit_granule_bytes: 65536.
 - commit_granule_words: 8192.
 - virtual_space_node_default_size: 1048576.
 - enlarge_chunks_in_place: 1.
 - new_chunks_are_fully_committed: 0.
 - uncommit_free_chunks: 1.
 - use_allocation_guard: 0.
 - handle_deallocations: 1.


Internal statistics:

num_allocs_failed_limit: 0.
num_arena_births: 70.
num_arena_deaths: 0.
num_vsnodes_births: 3.
num_vsnodes_deaths: 0.
num_space_committed: 155.
num_space_uncommitted: 0.
num_chunks_returned_to_freelist: 0.
num_chunks_taken_from_freelist: 334.
num_chunk_merges: 0.
num_chunk_splits: 234.
num_chunks_enlarged: 188.
num_purges: 0.
num_inconsistent_stats: 0.

CodeHeap 'non-profiled nmethods': size=120028Kb used=437Kb max_used=437Kb free=119590Kb
 bounds [0x000000012022a000, 0x000000012049a000, 0x0000000127761000]
CodeHeap 'profiled nmethods': size=120028Kb used=2020Kb max_used=2020Kb free=118007Kb
 bounds [0x0000000118cf3000, 0x0000000118f63000, 0x000000012022a000]
CodeHeap 'non-nmethods': size=5704Kb used=1194Kb max_used=1219Kb free=4509Kb
 bounds [0x0000000118761000, 0x00000001189d1000, 0x0000000118cf3000]
 total_blobs=1647 nmethods=1148 adapters=413
 compilation: enabled
              stopped_count=0, restarted_count=0
 full_count=0

Compilation events (20 events):
Event: 36.072 Thread 0x00007fe63682d800 1135   !   3       org.json.JSONTokener::next (68 bytes)
Event: 36.073 Thread 0x00007fe63682d800 nmethod 1135 0x0000000118ee4310 code [0x0000000118ee4500, 0x0000000118ee4900]
Event: 36.077 Thread 0x00007fe63682d800 1136   !   3       java.util.concurrent.ConcurrentHashMap::putVal (432 bytes)
Event: 36.079 Thread 0x00007fe63682d800 nmethod 1136 0x0000000118ee4a90 code [0x0000000118ee4e00, 0x0000000118ee6a00]
Event: 36.081 Thread 0x00007fe63682d800 1138       3       java.io.StringReader::ensureOpen (18 bytes)
Event: 36.081 Thread 0x00007fe63682d800 nmethod 1138 0x0000000118ee7410 code [0x0000000118ee75c0, 0x0000000118ee77c0]
Event: 36.081 Thread 0x00007fe63682d800 1140       3       java.lang.invoke.MethodType::basicType (8 bytes)
Event: 36.081 Thread 0x00007fe63682d800 nmethod 1140 0x0000000118ee7890 code [0x0000000118ee7a20, 0x0000000118ee7b50]
Event: 36.081 Thread 0x00007fe63682d800 1141       3       java.lang.StringConcatHelper::newArray (26 bytes)
Event: 36.081 Thread 0x00007fe63682d800 nmethod 1141 0x0000000118ee7c10 code [0x0000000118ee7dc0, 0x0000000118ee8000]
Event: 36.081 Thread 0x00007fe63682d800 1139       3       java.lang.invoke.DirectMethodHandle::<init> (148 bytes)
Event: 36.082 Thread 0x00007fe63682d800 nmethod 1139 0x0000000118ee8110 code [0x0000000118ee83e0, 0x0000000118ee9340]
Event: 36.083 Thread 0x00007fe63682d800 1142       3       java.io.UnixFileSystem::resolve (40 bytes)
Event: 36.084 Thread 0x00007fe63682d800 nmethod 1142 0x0000000118ee9810 code [0x0000000118ee9a00, 0x0000000118ee9f10]
Event: 36.084 Thread 0x00007fe63682d800 1143       3       java.io.UnixFileSystem::isAbsolute (13 bytes)
Event: 36.084 Thread 0x00007fe63682d800 nmethod 1143 0x0000000118eea090 code [0x0000000118eea240, 0x0000000118eea3d0]
Event: 36.084 Thread 0x00007fe638027600 1144       4       java.util.HashMap::putVal (300 bytes)
Event: 36.087 Thread 0x00007fe63682d800 1145       3       com.google.gson.stream.JsonWriter::writeDeferredName (25 bytes)
Event: 36.087 Thread 0x00007fe63682d800 nmethod 1145 0x0000000118eea490 code [0x0000000118eea640, 0x0000000118eea830]
Event: 36.087 Thread 0x00007fe63682d800 1146       3       com.google.gson.stream.JsonWriter::beforeValue (134 bytes)

GC Heap History (2 events):
Event: 0.828 GC heap before
{Heap before GC invocations=0 (full 0):
 garbage-first heap   total 133120K, used 23508K [0x0000000780000000, 0x0000000800000000)
  region size 1024K, 23 young (23552K), 0 survivors (0K)
 Metaspace       used 5671K, committed 5888K, reserved 1056768K
  class space    used 673K, committed 768K, reserved 1048576K
}
Event: 0.833 GC heap after
{Heap after GC invocations=1 (full 0):
 garbage-first heap   total 133120K, used 6568K [0x0000000780000000, 0x0000000800000000)
  region size 1024K, 3 young (3072K), 3 survivors (3072K)
 Metaspace       used 5671K, committed 5888K, reserved 1056768K
  class space    used 673K, committed 768K, reserved 1048576K
}

Deoptimization events (20 events):
Event: 20.508 Thread 0x00007fe638809a00 Uncommon trap: trap_request=0xffffffde fr.pc=0x0000000120286320 relative=0x0000000000001480
Event: 20.508 Thread 0x00007fe638809a00 Uncommon trap: reason=class_check action=maybe_recompile pc=0x0000000120286320 method=java.util.HashMap.putVal(ILjava/lang/Object;Ljava/lang/Object;ZZ)Ljava/lang/Object; @ 91 c2
Event: 20.508 Thread 0x00007fe638809a00 DEOPT PACKING pc=0x0000000120286320 sp=0x00007000112b3330
Event: 20.508 Thread 0x00007fe638809a00 DEOPT UNPACKING pc=0x00000001187b3099 sp=0x00007000112b3310 mode 2
Event: 20.591 Thread 0x00007fe638809a00 Uncommon trap: trap_request=0xffffffde fr.pc=0x0000000120286320 relative=0x0000000000001480
Event: 20.591 Thread 0x00007fe638809a00 Uncommon trap: reason=class_check action=maybe_recompile pc=0x0000000120286320 method=java.util.HashMap.putVal(ILjava/lang/Object;Ljava/lang/Object;ZZ)Ljava/lang/Object; @ 91 c2
Event: 20.591 Thread 0x00007fe638809a00 DEOPT PACKING pc=0x0000000120286320 sp=0x00007000112b3330
Event: 20.591 Thread 0x00007fe638809a00 DEOPT UNPACKING pc=0x00000001187b3099 sp=0x00007000112b3310 mode 2
Event: 20.593 Thread 0x00007fe636a29400 Uncommon trap: trap_request=0xffffffde fr.pc=0x0000000120286320 relative=0x0000000000001480
Event: 20.593 Thread 0x00007fe636a29400 Uncommon trap: reason=class_check action=maybe_recompile pc=0x0000000120286320 method=java.util.HashMap.putVal(ILjava/lang/Object;Ljava/lang/Object;ZZ)Ljava/lang/Object; @ 91 c2
Event: 20.593 Thread 0x00007fe636a29400 DEOPT PACKING pc=0x0000000120286320 sp=0x00007000116bf320
Event: 20.593 Thread 0x00007fe636a29400 DEOPT UNPACKING pc=0x00000001187b3099 sp=0x00007000116bf300 mode 2
Event: 20.596 Thread 0x00007fe636a29400 Uncommon trap: trap_request=0xffffffde fr.pc=0x0000000120286320 relative=0x0000000000001480
Event: 20.596 Thread 0x00007fe636a29400 Uncommon trap: reason=class_check action=maybe_recompile pc=0x0000000120286320 method=java.util.HashMap.putVal(ILjava/lang/Object;Ljava/lang/Object;ZZ)Ljava/lang/Object; @ 91 c2
Event: 20.596 Thread 0x00007fe636a29400 DEOPT PACKING pc=0x0000000120286320 sp=0x00007000116bf320
Event: 20.596 Thread 0x00007fe636a29400 DEOPT UNPACKING pc=0x00000001187b3099 sp=0x00007000116bf300 mode 2
Event: 36.049 Thread 0x00007fe636a29400 Uncommon trap: trap_request=0xffffff45 fr.pc=0x000000012027fa70 relative=0x0000000000000f30
Event: 36.049 Thread 0x00007fe636a29400 Uncommon trap: reason=unstable_if action=reinterpret pc=0x000000012027fa70 method=java.util.concurrent.ConcurrentHashMap.putVal(Ljava/lang/Object;Ljava/lang/Object;Z)Ljava/lang/Object; @ 97 c2
Event: 36.049 Thread 0x00007fe636a29400 DEOPT PACKING pc=0x000000012027fa70 sp=0x00007000116be410
Event: 36.049 Thread 0x00007fe636a29400 DEOPT UNPACKING pc=0x00000001187b3099 sp=0x00007000116be398 mode 2

Classes unloaded (0 events):
No events

Classes redefined (0 events):
No events

Internal exceptions (15 events):
Event: 0.476 Thread 0x00007fe639008a00 Exception <a 'java/lang/NoSuchMethodError'{0x000000078768f0d8}: 'void java.lang.invoke.DirectMethodHandle$Holder.invokeStatic(java.lang.Object, java.lang.Object)'> (0x000000078768f0d8) 
thrown [open/src/hotspot/share/interpreter/linkResolver.cpp, line 766]
Event: 0.522 Thread 0x00007fe639008a00 Exception <a 'java/lang/NoSuchMethodError'{0x00000007875624c8}: 'java.lang.Object java.lang.invoke.DirectMethodHandle$Holder.invokeStatic(java.lang.Object, int, java.lang.Object)'> (0x00000007875624c8) 
thrown [open/src/hotspot/share/interpreter/linkResolver.cpp, line 766]
Event: 0.537 Thread 0x00007fe639008a00 Exception <a 'java/lang/ClassNotFoundException'{0x00000007875a0d80}: sun/util/logging/resources/spi/loggingProvider> (0x00000007875a0d80) 
thrown [open/src/hotspot/share/classfile/systemDictionary.cpp, line 256]
Event: 0.683 Thread 0x00007fe639008a00 Exception <a 'java/lang/NoSuchMethodError'{0x000000078707c618}: 'void java.lang.invoke.DirectMethodHandle$Holder.invokeStatic(java.lang.Object, java.lang.Object, java.lang.Object)'> (0x000000078707c618) 
thrown [open/src/hotspot/share/interpreter/linkResolver.cpp, line 766]
Event: 0.705 Thread 0x00007fe63b010200 Exception <a 'java/lang/NoSuchMethodError'{0x0000000786fdbeb0}: 'java.lang.Object java.lang.invoke.DirectMethodHandle$Holder.invokeStaticInit(java.lang.Object)'> (0x0000000786fdbeb0) 
thrown [open/src/hotspot/share/interpreter/linkResolver.cpp, line 766]
Event: 0.724 Thread 0x00007fe63b010200 Exception <a 'java/lang/NoSuchMethodError'{0x0000000786eef548}: 'int java.lang.invoke.DirectMethodHandle$Holder.invokeSpecial(java.lang.Object, java.lang.Object, java.lang.Object)'> (0x0000000786eef548) 
thrown [open/src/hotspot/share/interpreter/linkResolver.cpp, line 766]
Event: 0.741 Thread 0x00007fe63b010200 Exception <a 'java/lang/NoSuchMethodError'{0x0000000786d84e50}: 'void java.lang.invoke.DirectMethodHandle$Holder.invokeStaticInit(java.lang.Object)'> (0x0000000786d84e50) 
thrown [open/src/hotspot/share/interpreter/linkResolver.cpp, line 766]
Event: 0.787 Thread 0x00007fe63b010200 Exception <a 'java/lang/NoSuchMethodError'{0x0000000786b6ce80}: 'int java.lang.invoke.DirectMethodHandle$Holder.invokeSpecial(java.lang.Object, java.lang.Object, int)'> (0x0000000786b6ce80) 
thrown [open/src/hotspot/share/interpreter/linkResolver.cpp, line 766]
Event: 0.851 Thread 0x00007fe63b010200 Exception <a 'java/lang/NoSuchMethodError'{0x0000000787fdef28}: 'int java.lang.invoke.DirectMethodHandle$Holder.invokeInterface(java.lang.Object, java.lang.Object)'> (0x0000000787fdef28) 
thrown [open/src/hotspot/share/interpreter/linkResolver.cpp, line 766]
Event: 0.892 Thread 0x00007fe63b010200 Exception <a 'java/lang/NoSuchMethodError'{0x0000000787c74fd8}: 'int java.lang.invoke.DirectMethodHandle$Holder.invokeStaticInit(java.lang.Object, java.lang.Object)'> (0x0000000787c74fd8) 
thrown [open/src/hotspot/share/interpreter/linkResolver.cpp, line 766]
Event: 0.893 Thread 0x00007fe63b010200 Exception <a 'java/lang/NoSuchMethodError'{0x0000000787c7ada8}: 'void java.lang.invoke.DirectMethodHandle$Holder.invokeStaticInit(java.lang.Object, java.lang.Object, java.lang.Object)'> (0x0000000787c7ada8) 
thrown [open/src/hotspot/share/interpreter/linkResolver.cpp, line 766]
Event: 0.904 Thread 0x00007fe63b010200 Exception <a 'java/lang/NoSuchMethodError'{0x0000000787b0cf98}: 'void java.lang.invoke.DirectMethodHandle$Holder.invokeInterface(java.lang.Object, java.lang.Object, java.lang.Object)'> (0x0000000787b0cf98) 
thrown [open/src/hotspot/share/interpreter/linkResolver.cpp, line 766]
Event: 0.951 Thread 0x00007fe63b010200 Exception <a 'java/lang/NoSuchMethodError'{0x0000000787b58b00}: 'void java.lang.invoke.DirectMethodHandle$Holder.invokeInterface(java.lang.Object, java.lang.Object)'> (0x0000000787b58b00) 
thrown [open/src/hotspot/share/interpreter/linkResolver.cpp, line 766]
Event: 20.481 Thread 0x00007fe63713c800 Exception <a 'java/lang/NoSuchMethodError'{0x000000078761b4c8}: 'java.lang.Object java.lang.invoke.DirectMethodHandle$Holder.invokeInterface(java.lang.Object, java.lang.Object)'> (0x000000078761b4c8) 
thrown [open/src/hotspot/share/interpreter/linkResolver.cpp, line 766]
Event: 20.523 Thread 0x00007fe6361be400 Exception <a 'java/lang/NoSuchMethodError'{0x00000007876f64a0}: 'void java.lang.invoke.DirectMethodHandle$Holder.invokeSpecial(java.lang.Object, java.lang.Object, int)'> (0x00000007876f64a0) 
thrown [open/src/hotspot/share/interpreter/linkResolver.cpp, line 766]

VM Operations (20 events):
Event: 0.828 Executing VM operation: G1CollectForAllocation
Event: 0.833 Executing VM operation: G1CollectForAllocation done
Event: 0.845 Executing VM operation: HandshakeAllThreads
Event: 0.845 Executing VM operation: HandshakeAllThreads done
Event: 0.862 Executing VM operation: HandshakeAllThreads
Event: 0.862 Executing VM operation: HandshakeAllThreads done
Event: 0.916 Executing VM operation: HandshakeAllThreads
Event: 0.916 Executing VM operation: HandshakeAllThreads done
Event: 1.917 Executing VM operation: Cleanup
Event: 1.917 Executing VM operation: Cleanup done
Event: 11.818 Executing VM operation: HandshakeAllThreads
Event: 11.818 Executing VM operation: HandshakeAllThreads done
Event: 11.818 Executing VM operation: Cleanup
Event: 11.818 Executing VM operation: Cleanup done
Event: 12.820 Executing VM operation: Cleanup
Event: 12.820 Executing VM operation: Cleanup done
Event: 20.464 Executing VM operation: HandshakeAllThreads
Event: 20.464 Executing VM operation: HandshakeAllThreads done
Event: 21.468 Executing VM operation: Cleanup
Event: 21.468 Executing VM operation: Cleanup done

Events (20 events):
Event: 20.572 loading class sun/nio/ch/NativeObject done
Event: 20.572 loading class sun/nio/ch/AllocatedNativeObject done
Event: 20.572 loading class sun/nio/ch/IOVecWrapper$Deallocator
Event: 20.572 loading class sun/nio/ch/IOVecWrapper$Deallocator done
Event: 20.573 loading class sun/nio/ch/FileDispatcherImpl
Event: 20.573 loading class sun/nio/ch/FileDispatcher
Event: 20.573 loading class sun/nio/ch/FileDispatcher done
Event: 20.573 loading class sun/nio/ch/FileDispatcherImpl done
Event: 36.049 loading class java/net/URLDecoder
Event: 36.049 loading class java/net/URLDecoder done
Event: 36.049 loading class java/net/URLEncoder
Event: 36.050 Thread 0x00007fe63880c000 Thread added: 0x00007fe63880c000
Event: 36.051 loading class java/net/URLEncoder done
Event: 36.051 Protecting memory [0x0000700011acf000,0x0000700011ad3000] with protection modes 0
Event: 36.052 Thread 0x00007fe63a81be00 Thread added: 0x00007fe63a81be00
Event: 36.053 Protecting memory [0x0000700011bd2000,0x0000700011bd6000] with protection modes 0
Event: 36.054 Thread 0x00007fe639009000 Thread added: 0x00007fe639009000
Event: 36.054 Protecting memory [0x0000700011cd5000,0x0000700011cd9000] with protection modes 0
Event: 36.082 loading class java/util/ConcurrentModificationException
Event: 36.082 loading class java/util/ConcurrentModificationException done


Dynamic libraries:
0x00007fff2a47b000 	/usr/lib/libz.1.dylib
0x0000000109bd5000 	/Library/Java/JavaVirtualMachines/jdk-17.0.2.jdk/Contents/Home/lib/libjli.dylib
0x00007fff34fb9000 	/System/Library/Frameworks/Cocoa.framework/Versions/A/Cocoa
0x00007fff221f6000 	/System/Library/Frameworks/Security.framework/Versions/A/Security
0x00007fff331b8000 	/System/Library/Frameworks/ApplicationServices.framework/Versions/A/ApplicationServices
0x00007fff2a543000 	/usr/lib/libSystem.B.dylib
0x00007fff2a53d000 	/usr/lib/system/libcache.dylib
0x00007fff2a4f9000 	/usr/lib/system/libcommonCrypto.dylib
0x00007fff2a523000 	/usr/lib/system/libcompiler_rt.dylib
0x00007fff2a518000 	/usr/lib/system/libcopyfile.dylib
0x00007fff200cd000 	/usr/lib/system/libcorecrypto.dylib
0x00007fff20199000 	/usr/lib/system/libdispatch.dylib
0x00007fff2034d000 	/usr/lib/system/libdyld.dylib
0x00007fff2a534000 	/usr/lib/system/libkeymgr.dylib
0x00007fff2d976000 	/usr/lib/system/liblaunch.dylib
0x00007fff2a4d7000 	/usr/lib/system/libmacho.dylib
0x00007fff29cf2000 	/usr/lib/system/libquarantine.dylib
0x00007fff2a531000 	/usr/lib/system/libremovefile.dylib
0x00007fff24b8b000 	/usr/lib/system/libsystem_asl.dylib
0x00007fff2007d000 	/usr/lib/system/libsystem_blocks.dylib
0x00007fff2021a000 	/usr/lib/system/libsystem_c.dylib
0x00007fff2a52b000 	/usr/lib/system/libsystem_collections.dylib
0x00007fff28fe7000 	/usr/lib/system/libsystem_configuration.dylib
0x00007fff282db000 	/usr/lib/system/libsystem_containermanager.dylib
0x00007fff2a273000 	/usr/lib/system/libsystem_coreservices.dylib
0x00007fff227aa000 	/usr/lib/system/libsystem_darwin.dylib
0x00007fff2a535000 	/usr/lib/system/libsystem_dnssd.dylib
0x00007fff20217000 	/usr/lib/system/libsystem_featureflags.dylib
0x00007fff20392000 	/usr/lib/system/libsystem_info.dylib
0x00007fff2a48e000 	/usr/lib/system/libsystem_m.dylib
0x00007fff2016c000 	/usr/lib/system/libsystem_malloc.dylib
0x00007fff24b1f000 	/usr/lib/system/libsystem_networkextension.dylib
0x00007fff22bc4000 	/usr/lib/system/libsystem_notify.dylib
0x00007fff2fe23000 	/usr/lib/system/libsystem_product_info_filter.dylib
0x00007fff28feb000 	/usr/lib/system/libsystem_sandbox.dylib
0x00007fff2a52e000 	/usr/lib/system/libsystem_secinit.dylib
0x00007fff20312000 	/usr/lib/system/libsystem_kernel.dylib
0x00007fff20388000 	/usr/lib/system/libsystem_platform.dylib
0x00007fff20341000 	/usr/lib/system/libsystem_pthread.dylib
0x00007fff26289000 	/usr/lib/system/libsystem_symptoms.dylib
0x00007fff200b5000 	/usr/lib/system/libsystem_trace.dylib
0x00007fff2a505000 	/usr/lib/system/libunwind.dylib
0x00007fff2007f000 	/usr/lib/system/libxpc.dylib
0x00007fff202f9000 	/usr/lib/libc++abi.dylib
0x00007fff201de000 	/usr/lib/libobjc.A.dylib
0x00007fff2a510000 	/usr/lib/liboah.dylib
0x00007fff202a3000 	/usr/lib/libc++.1.dylib
0x00007fff203be000 	/System/Library/Frameworks/CoreFoundation.framework/Versions/A/CoreFoundation
0x00007fff2116b000 	/System/Library/Frameworks/Foundation.framework/Versions/C/Foundation
0x00007fff22c1c000 	/System/Library/Frameworks/AppKit.framework/Versions/C/AppKit
0x00007fff25ab2000 	/System/Library/Frameworks/CoreData.framework/Versions/A/CoreData
0x00007fff2397f000 	/System/Library/PrivateFrameworks/UIFoundation.framework/Versions/A/UIFoundation
0x00007fff2fb9c000 	/System/Library/PrivateFrameworks/RemoteViewServices.framework/Versions/A/RemoteViewServices
0x00007fff289a5000 	/System/Library/PrivateFrameworks/XCTTargetBootstrap.framework/Versions/A/XCTTargetBootstrap
0x00007fff2b682000 	/usr/lib/libspindump.dylib
0x00007fff23bd3000 	/System/Library/Frameworks/UniformTypeIdentifiers.framework/Versions/A/UniformTypeIdentifiers
0x00007fff2717c000 	/usr/lib/libapp_launch_measurement.dylib
0x00007fff2717f000 	/System/Library/PrivateFrameworks/CoreAutoLayout.framework/Versions/A/CoreAutoLayout
0x00007fff28307000 	/System/Library/Frameworks/Metal.framework/Versions/A/Metal
0x00007fff28ff6000 	/usr/lib/liblangid.dylib
0x00007fff289a9000 	/System/Library/PrivateFrameworks/CoreSVG.framework/Versions/A/CoreSVG
0x00007fff24bba000 	/System/Library/PrivateFrameworks/SkyLight.framework/Versions/A/SkyLight
0x00007fff24f20000 	/System/Library/Frameworks/CoreGraphics.framework/Versions/A/CoreGraphics
0x00007fff301f3000 	/System/Library/Frameworks/Accelerate.framework/Versions/A/Accelerate
0x00007fff2b0bd000 	/System/Library/PrivateFrameworks/IconServices.framework/Versions/A/IconServices
0x00007fff282ec000 	/System/Library/Frameworks/IOSurface.framework/Versions/A/IOSurface
0x00007fff2643b000 	/usr/lib/libDiagnosticMessagesClient.dylib
0x00007fff28991000 	/System/Library/PrivateFrameworks/DFRFoundation.framework/Versions/A/DFRFoundation
0x00007fff22548000 	/usr/lib/libicucore.A.dylib
0x00007fff2cbc4000 	/System/Library/Frameworks/AudioToolbox.framework/Versions/A/AudioToolbox
0x00007fff2be6a000 	/System/Library/PrivateFrameworks/DataDetectorsCore.framework/Versions/A/DataDetectorsCore
0x00007fff28691000 	/System/Library/Frameworks/Carbon.framework/Versions/A/Frameworks/HIToolbox.framework/Versions/A/HIToolbox
0x00007fff26bd4000 	/System/Library/Frameworks/QuartzCore.framework/Versions/A/QuartzCore
0x00007fff2fbd8000 	/System/Library/Frameworks/Carbon.framework/Versions/A/Frameworks/SpeechRecognition.framework/Versions/A/SpeechRecognition
0x00007fff26ee4000 	/System/Library/PrivateFrameworks/CoreUI.framework/Versions/A/CoreUI
0x00007fff21b52000 	/System/Library/Frameworks/CoreAudio.framework/Versions/A/CoreAudio
0x00007fff26526000 	/System/Library/Frameworks/DiskArbitration.framework/Versions/A/DiskArbitration
0x00007fff2ba7d000 	/System/Library/PrivateFrameworks/MultitouchSupport.framework/Versions/A/MultitouchSupport
0x00007fff2be61000 	/System/Library/PrivateFrameworks/InternationalSupport.framework/Versions/A/InternationalSupport
0x00007fff24b2e000 	/usr/lib/libenergytrace.dylib
0x00007fff22b16000 	/System/Library/Frameworks/IOKit.framework/Versions/A/IOKit
0x00007fff2ff25000 	/System/Library/Frameworks/CoreServices.framework/Versions/A/CoreServices
0x00007fff27112000 	/System/Library/PrivateFrameworks/PerformanceAnalysis.framework/Versions/A/PerformanceAnalysis
0x00007fff6c822000 	/System/Library/Frameworks/OpenGL.framework/Versions/A/OpenGL
0x00007fff2bee6000 	/System/Library/PrivateFrameworks/UserActivity.framework/Versions/A/UserActivity
0x00007fff255b4000 	/System/Library/Frameworks/ColorSync.framework/Versions/A/ColorSync
0x00007fff28c0d000 	/System/Library/Frameworks/CoreImage.framework/Versions/A/CoreImage
0x00007fff21969000 	/System/Library/Frameworks/CoreText.framework/Versions/A/CoreText
0x00007fff289d3000 	/System/Library/Frameworks/ImageIO.framework/Versions/A/ImageIO
0x00007fff2a549000 	/System/Library/PrivateFrameworks/SoftLinking.framework/Versions/A/SoftLinking
0x00007fff271c8000 	/usr/lib/libxml2.2.dylib
0x00007fff2a7bb000 	/usr/lib/libcompression.dylib
0x00007fff24b2f000 	/usr/lib/libMobileGestalt.dylib
0x00007fff2bd94000 	/System/Library/PrivateFrameworks/TextureIO.framework/Versions/A/TextureIO
0x00007fff2ade0000 	/usr/lib/libate.dylib
0x00007fff2abc6000 	/usr/lib/liblzma.5.dylib
0x00007fff20e7f000 	/System/Library/Frameworks/SystemConfiguration.framework/Versions/A/SystemConfiguration
0x00007fff2a545000 	/usr/lib/libfakelink.dylib
0x00007fff24681000 	/System/Library/Frameworks/CFNetwork.framework/Versions/A/CFNetwork
0x00007fff2a685000 	/usr/lib/libarchive.2.dylib
0x00007fff20efd000 	/usr/lib/libCRFSuite.dylib
0x00007fff29d19000 	/usr/lib/libbsm.0.dylib
0x00007fff2403d000 	/usr/lib/libnetwork.dylib
0x00007fff2a54a000 	/usr/lib/libpcap.A.dylib
0x00007fff26282000 	/usr/lib/libdns_services.dylib
0x00007fff2abdf000 	/usr/lib/libcoretls_cfhelpers.dylib
0x00007fff2a789000 	/usr/lib/libapple_nghttp2.dylib
0x00007fff2a4dd000 	/usr/lib/system/libkxld.dylib
0x00007fff25ee8000 	/usr/lib/libsqlite3.dylib
0x00007fff2a255000 	/System/Library/PrivateFrameworks/AppleFSCompression.framework/Versions/A/AppleFSCompression
0x00007fff29d01000 	/usr/lib/libcoretls.dylib
0x00007fff2a7b6000 	/usr/lib/libpam.2.dylib
0x00007fff2acdb000 	/usr/lib/libxar.1.dylib
0x00007fff28ff2000 	/System/Library/PrivateFrameworks/AppleSystemInfo.framework/Versions/A/AppleSystemInfo
0x00007fff29944000 	/System/Library/PrivateFrameworks/IOMobileFramebuffer.framework/Versions/A/IOMobileFramebuffer
0x00007fff2a265000 	/usr/lib/libbz2.1.0.dylib
0x00007fff2a582000 	/usr/lib/libiconv.2.dylib
0x00007fff2a4d6000 	/usr/lib/libcharset.1.dylib
0x00007fff2714e000 	/System/Library/Frameworks/CoreServices.framework/Versions/A/Frameworks/FSEvents.framework/Versions/A/FSEvents
0x00007fff227b4000 	/System/Library/Frameworks/CoreServices.framework/Versions/A/Frameworks/CarbonCore.framework/Versions/A/CarbonCore
0x00007fff2648b000 	/System/Library/Frameworks/CoreServices.framework/Versions/A/Frameworks/Metadata.framework/Versions/A/Metadata
0x00007fff2a278000 	/System/Library/Frameworks/CoreServices.framework/Versions/A/Frameworks/OSServices.framework/Versions/A/OSServices
0x00007fff2a6f7000 	/System/Library/Frameworks/CoreServices.framework/Versions/A/Frameworks/SearchKit.framework/Versions/A/SearchKit
0x00007fff2620c000 	/System/Library/Frameworks/CoreServices.framework/Versions/A/Frameworks/AE.framework/Versions/A/AE
0x00007fff2085a000 	/System/Library/Frameworks/CoreServices.framework/Versions/A/Frameworks/LaunchServices.framework/Versions/A/LaunchServices
0x00007fff2ab77000 	/System/Library/Frameworks/CoreServices.framework/Versions/A/Frameworks/DictionaryServices.framework/Versions/A/DictionaryServices
0x00007fff27157000 	/System/Library/Frameworks/CoreServices.framework/Versions/A/Frameworks/SharedFileList.framework/Versions/A/SharedFileList
0x00007fff29cf5000 	/usr/lib/libCheckFix.dylib
0x00007fff24ba2000 	/System/Library/PrivateFrameworks/TCC.framework/Versions/A/TCC
0x00007fff28ff8000 	/System/Library/PrivateFrameworks/CoreNLP.framework/Versions/A/CoreNLP
0x00007fff2643e000 	/System/Library/PrivateFrameworks/MetadataUtilities.framework/Versions/A/MetadataUtilities
0x00007fff20f33000 	/usr/lib/libmecabra.dylib
0x00007fff2a008000 	/System/Library/Frameworks/MLCompute.framework/Versions/A/MLCompute
0x00007fff29d2a000 	/usr/lib/libmecab.dylib
0x00007fff29d74000 	/usr/lib/libgermantok.dylib
0x00007fff2a75f000 	/usr/lib/libThaiTokenizer.dylib
0x00007fff2ad16000 	/usr/lib/libChineseTokenizer.dylib
0x00007fff2a7b4000 	/System/Library/Frameworks/MetalPerformanceShaders.framework/Versions/A/MetalPerformanceShaders
0x00007fff2652d000 	/System/Library/Frameworks/Accelerate.framework/Versions/A/Frameworks/vImage.framework/Versions/A/vImage
0x00007fff2fefe000 	/System/Library/Frameworks/Accelerate.framework/Versions/A/Frameworks/vecLib.framework/Versions/A/vecLib
0x00007fff2ad21000 	/System/Library/Frameworks/Accelerate.framework/Versions/A/Frameworks/vecLib.framework/Versions/A/libvMisc.dylib
0x00007fff2975d000 	/System/Library/Frameworks/Accelerate.framework/Versions/A/Frameworks/vecLib.framework/Versions/A/libvDSP.dylib
0x00007fff20b5e000 	/System/Library/Frameworks/Accelerate.framework/Versions/A/Frameworks/vecLib.framework/Versions/A/libBLAS.dylib
0x00007fff2a7da000 	/System/Library/Frameworks/Accelerate.framework/Versions/A/Frameworks/vecLib.framework/Versions/A/libLAPACK.dylib
0x00007fff29d7a000 	/System/Library/Frameworks/Accelerate.framework/Versions/A/Frameworks/vecLib.framework/Versions/A/libLinearAlgebra.dylib
0x00007fff2a7a1000 	/System/Library/Frameworks/Accelerate.framework/Versions/A/Frameworks/vecLib.framework/Versions/A/libSparseBLAS.dylib
0x00007fff2a7d4000 	/System/Library/Frameworks/Accelerate.framework/Versions/A/Frameworks/vecLib.framework/Versions/A/libQuadrature.dylib
0x00007fff290a0000 	/System/Library/Frameworks/Accelerate.framework/Versions/A/Frameworks/vecLib.framework/Versions/A/libBNNS.dylib
0x00007fff20e10000 	/System/Library/Frameworks/Accelerate.framework/Versions/A/Frameworks/vecLib.framework/Versions/A/libSparse.dylib
0x00007fff28f8b000 	/System/Library/Frameworks/MetalPerformanceShaders.framework/Versions/A/Frameworks/MPSCore.framework/Versions/A/MPSCore
0x00007fff2a1c4000 	/System/Library/Frameworks/MetalPerformanceShaders.framework/Versions/A/Frameworks/MPSImage.framework/Versions/A/MPSImage
0x00007fff29d90000 	/System/Library/Frameworks/MetalPerformanceShaders.framework/Versions/A/Frameworks/MPSNeuralNetwork.framework/Versions/A/MPSNeuralNetwork
0x00007fff2a14f000 	/System/Library/Frameworks/MetalPerformanceShaders.framework/Versions/A/Frameworks/MPSMatrix.framework/Versions/A/MPSMatrix
0x00007fff29fb8000 	/System/Library/Frameworks/MetalPerformanceShaders.framework/Versions/A/Frameworks/MPSRayIntersector.framework/Versions/A/MPSRayIntersector
0x00007fff2a186000 	/System/Library/Frameworks/MetalPerformanceShaders.framework/Versions/A/Frameworks/MPSNDArray.framework/Versions/A/MPSNDArray
0x00007fff20a8a000 	/System/Library/PrivateFrameworks/MetalTools.framework/Versions/A/MetalTools
0x00007fff28ff0000 	/System/Library/PrivateFrameworks/AggregateDictionary.framework/Versions/A/AggregateDictionary
0x00007fff26416000 	/System/Library/PrivateFrameworks/CoreAnalytics.framework/Versions/A/CoreAnalytics
0x00007fff2a761000 	/System/Library/PrivateFrameworks/AppleSauce.framework/Versions/A/AppleSauce
0x00007fff282fe000 	/System/Library/PrivateFrameworks/IOAccelerator.framework/Versions/A/IOAccelerator
0x00007fff6c816000 	/System/Library/Frameworks/OpenGL.framework/Versions/A/Libraries/libCoreFSCache.dylib
0x00007fff214cf000 	/System/Library/PrivateFrameworks/LanguageModeling.framework/Versions/A/LanguageModeling
0x00007fff29931000 	/System/Library/PrivateFrameworks/CoreEmoji.framework/Versions/A/CoreEmoji
0x00007fff29099000 	/System/Library/PrivateFrameworks/LinguisticData.framework/Versions/A/LinguisticData
0x00007fff20dc2000 	/System/Library/PrivateFrameworks/Lexicon.framework/Versions/A/Lexicon
0x00007fff2a673000 	/usr/lib/libcmph.dylib
0x00007fff2712e000 	/System/Library/Frameworks/OpenDirectory.framework/Versions/A/Frameworks/CFOpenDirectory.framework/Versions/A/CFOpenDirectory
0x00007fff2711e000 	/System/Library/Frameworks/OpenDirectory.framework/Versions/A/OpenDirectory
0x00007fff2abe1000 	/System/Library/PrivateFrameworks/APFS.framework/Versions/A/APFS
0x00007fff29c56000 	/System/Library/Frameworks/SecurityFoundation.framework/Versions/A/SecurityFoundation
0x00007fff2ace9000 	/usr/lib/libutil.dylib
0x00007fff22adb000 	/System/Library/PrivateFrameworks/CoreServicesStore.framework/Versions/A/CoreServicesStore
0x00007fff29ced000 	/System/Library/Frameworks/ServiceManagement.framework/Versions/A/ServiceManagement
0x00007fff2aced000 	/usr/lib/libxslt.1.dylib
0x00007fff29ce3000 	/System/Library/PrivateFrameworks/BackgroundTaskManagement.framework/Versions/A/BackgroundTaskManagement
0x00007fff2bcde000 	/System/Library/Frameworks/ImageIO.framework/Versions/A/Resources/libRadiance.dylib
0x00007fff2bce8000 	/System/Library/Frameworks/ImageIO.framework/Versions/A/Resources/libJPEG.dylib
0x00007fff2bc37000 	/System/Library/Frameworks/ImageIO.framework/Versions/A/Resources/libPng.dylib
0x00007fff2bc5e000 	/System/Library/Frameworks/ImageIO.framework/Versions/A/Resources/libTIFF.dylib
0x00007fff2bd3d000 	/System/Library/Frameworks/ImageIO.framework/Versions/A/Resources/libGIF.dylib
0x00007fff2b99a000 	/System/Library/Frameworks/ImageIO.framework/Versions/A/Resources/libJP2.dylib
0x00007fff2b084000 	/usr/lib/libexpat.1.dylib
0x00007fff2b94f000 	/System/Library/PrivateFrameworks/AppleJPEG.framework/Versions/A/AppleJPEG
0x00007fff28534000 	/System/Library/PrivateFrameworks/FontServices.framework/libFontParser.dylib
0x00007fff261c0000 	/System/Library/PrivateFrameworks/RunningBoardServices.framework/Versions/A/RunningBoardServices
0x00007fff2ba79000 	/System/Library/PrivateFrameworks/WatchdogClient.framework/Versions/A/WatchdogClient
0x00007fff215bc000 	/System/Library/Frameworks/CoreDisplay.framework/Versions/A/CoreDisplay
0x00007fff2844a000 	/System/Library/Frameworks/CoreMedia.framework/Versions/A/CoreMedia
0x00007fff272ab000 	/System/Library/Frameworks/CoreVideo.framework/Versions/A/CoreVideo
0x00007fff2bab1000 	/System/Library/Frameworks/VideoToolbox.framework/Versions/A/VideoToolbox
0x00007fff2613e000 	/System/Library/PrivateFrameworks/BaseBoard.framework/Versions/A/BaseBoard
0x00007fff2b1c9000 	/System/Library/PrivateFrameworks/PersistentConnection.framework/Versions/A/PersistentConnection
0x00007fff25ed1000 	/System/Library/PrivateFrameworks/ProtocolBuffer.framework/Versions/A/ProtocolBuffer
0x00007fff26125000 	/System/Library/PrivateFrameworks/CommonUtilities.framework/Versions/A/CommonUtilities
0x00007fff2b8e4000 	/System/Library/PrivateFrameworks/Bom.framework/Versions/A/Bom
0x00007fff2bcd7000 	/System/Library/PrivateFrameworks/GPUWrangler.framework/Versions/A/GPUWrangler
0x00007fff2bcbc000 	/System/Library/PrivateFrameworks/IOPresentment.framework/Versions/A/IOPresentment
0x00007fff2bce2000 	/System/Library/PrivateFrameworks/DSExternalDisplay.framework/Versions/A/DSExternalDisplay
0x00007fff2bd42000 	/System/Library/PrivateFrameworks/CMCaptureCore.framework/Versions/A/CMCaptureCore
0x00007fff2b669000 	/System/Library/PrivateFrameworks/AppServerSupport.framework/Versions/A/AppServerSupport
0x00007fff2d715000 	/System/Library/PrivateFrameworks/perfdata.framework/Versions/A/perfdata
0x00007fff29c45000 	/System/Library/PrivateFrameworks/AssertionServices.framework/Versions/A/AssertionServices
0x00007fff216f3000 	/System/Library/PrivateFrameworks/AudioToolboxCore.framework/Versions/A/AudioToolboxCore
0x00007fff2842d000 	/System/Library/PrivateFrameworks/caulk.framework/Versions/A/caulk
0x00007fff3d3a2000 	/System/Library/PrivateFrameworks/SystemPolicy.framework/Versions/A/SystemPolicy
0x00007fff2ae79000 	/usr/lib/libIOReport.dylib
0x00007fff2cf37000 	/usr/lib/libSMC.dylib
0x00007fff2bc04000 	/usr/lib/libAudioToolboxUtility.dylib
0x00007fff3dd0c000 	/usr/lib/libmis.dylib
0x00007fff6c872000 	/System/Library/Frameworks/OpenGL.framework/Versions/A/Libraries/libGLU.dylib
0x00007fff6c835000 	/System/Library/Frameworks/OpenGL.framework/Versions/A/Libraries/libGFXShared.dylib
0x00007fff6ca44000 	/System/Library/Frameworks/OpenGL.framework/Versions/A/Libraries/libGL.dylib
0x00007fff6c83e000 	/System/Library/Frameworks/OpenGL.framework/Versions/A/Libraries/libGLImage.dylib
0x00007fff6c832000 	/System/Library/Frameworks/OpenGL.framework/Versions/A/Libraries/libCVMSPluginSupport.dylib
0x00007fff6c81d000 	/System/Library/Frameworks/OpenGL.framework/Versions/A/Libraries/libCoreVMClient.dylib
0x00007fff6de85000 	/System/Library/Frameworks/OpenCL.framework/Versions/A/OpenCL
0x00007fff2b1f3000 	/System/Library/PrivateFrameworks/GraphVisualizer.framework/Versions/A/GraphVisualizer
0x00007fff2b202000 	/System/Library/PrivateFrameworks/FaceCore.framework/Versions/A/FaceCore
0x00007fff2b61e000 	/System/Library/PrivateFrameworks/OTSVG.framework/Versions/A/OTSVG
0x00007fff26ea2000 	/System/Library/Frameworks/ApplicationServices.framework/Versions/A/Frameworks/ATS.framework/Versions/A/Resources/libFontRegistry.dylib
0x00007fff2b670000 	/System/Library/PrivateFrameworks/FontServices.framework/libhvf.dylib
0x00007fff2b030000 	/System/Library/PrivateFrameworks/AppleVA.framework/Versions/A/AppleVA
0x00007fff2cd80000 	/System/Library/Frameworks/ApplicationServices.framework/Versions/A/Frameworks/ATS.framework/Versions/A/ATS
0x00007fff2d092000 	/System/Library/Frameworks/ApplicationServices.framework/Versions/A/Frameworks/ColorSyncLegacy.framework/Versions/A/ColorSyncLegacy
0x00007fff256ab000 	/System/Library/Frameworks/ApplicationServices.framework/Versions/A/Frameworks/HIServices.framework/Versions/A/HIServices
0x00007fff2d077000 	/System/Library/Frameworks/ApplicationServices.framework/Versions/A/Frameworks/LangAnalysis.framework/Versions/A/LangAnalysis
0x00007fff2bd4c000 	/System/Library/Frameworks/ApplicationServices.framework/Versions/A/Frameworks/PrintCore.framework/Versions/A/PrintCore
0x00007fff2d09a000 	/System/Library/Frameworks/ApplicationServices.framework/Versions/A/Frameworks/QD.framework/Versions/A/QD
0x00007fff2cd70000 	/System/Library/Frameworks/ApplicationServices.framework/Versions/A/Frameworks/SpeechSynthesis.framework/Versions/A/SpeechSynthesis
0x00007fff2bd0d000 	/System/Library/Frameworks/ApplicationServices.framework/Versions/A/Frameworks/ATSUI.framework/Versions/A/ATSUI
0x00007fff2d017000 	/usr/lib/libcups.2.dylib
0x00007fff2d087000 	/System/Library/PrivateFrameworks/NetAuth.framework/Versions/A/NetAuth
0x00007fff2d731000 	/System/Library/Frameworks/Kerberos.framework/Versions/A/Kerberos
0x00007fff2d741000 	/System/Library/Frameworks/GSS.framework/Versions/A/GSS
0x00007fff2cdec000 	/usr/lib/libresolv.9.dylib
0x00007fff2b685000 	/System/Library/PrivateFrameworks/Heimdal.framework/Versions/A/Heimdal
0x00007fff334b8000 	/System/Library/Frameworks/Kerberos.framework/Versions/A/Libraries/libHeimdalProxy.dylib
0x00007fff26291000 	/System/Library/Frameworks/Network.framework/Versions/A/Network
0x00007fff2b09e000 	/usr/lib/libheimdal-asn1.dylib
0x00007fff2d791000 	/System/Library/PrivateFrameworks/CommonAuth.framework/Versions/A/CommonAuth
0x00007fff272f8000 	/System/Library/PrivateFrameworks/login.framework/Versions/A/Frameworks/loginsupport.framework/Versions/A/loginsupport
0x00007fff2ccf5000 	/System/Library/PrivateFrameworks/AudioSession.framework/Versions/A/AudioSession
0x00007fff2cd5d000 	/usr/lib/libAudioStatistics.dylib
0x00007fff2b12b000 	/System/Library/PrivateFrameworks/MediaExperience.framework/Versions/A/MediaExperience
0x00007fff2cb92000 	/System/Library/PrivateFrameworks/AudioSession.framework/libSessionUtility.dylib
0x00007fff2d722000 	/usr/lib/libperfcheck.dylib
0x00007fff2d0a6000 	/System/Library/PrivateFrameworks/AudioResourceArbitration.framework/Versions/A/AudioResourceArbitration
0x00007fff2b0a8000 	/System/Library/PrivateFrameworks/IconFoundation.framework/Versions/A/IconFoundation
0x00007fff2fbc8000 	/System/Library/PrivateFrameworks/SpeechRecognitionCore.framework/Versions/A/SpeechRecognitionCore
0x0000000109c04000 	/Library/Java/JavaVirtualMachines/jdk-17.0.2.jdk/Contents/Home/lib/server/libjvm.dylib
0x000000010ac61000 	/Library/Java/JavaVirtualMachines/jdk-17.0.2.jdk/Contents/Home/lib/libjimage.dylib
0x000000010acbb000 	/Library/Java/JavaVirtualMachines/jdk-17.0.2.jdk/Contents/Home/lib/libjava.dylib
0x000000010bb63000 	/Library/Java/JavaVirtualMachines/jdk-17.0.2.jdk/Contents/Home/lib/libnio.dylib
0x000000010bb7f000 	/Library/Java/JavaVirtualMachines/jdk-17.0.2.jdk/Contents/Home/lib/libnet.dylib
0x000000010bb9f000 	/Library/Java/JavaVirtualMachines/jdk-17.0.2.jdk/Contents/Home/lib/libzip.dylib
0x000000010bbb3000 	/Library/Java/JavaVirtualMachines/jdk-17.0.2.jdk/Contents/Home/lib/libverify.dylib
0x000000010bbcb000 	/Library/Java/JavaVirtualMachines/jdk-17.0.2.jdk/Contents/Home/lib/libmanagement.dylib
0x000000010bbdb000 	/Library/Java/JavaVirtualMachines/jdk-17.0.2.jdk/Contents/Home/lib/libmanagement_ext.dylib
0x000000010bbeb000 	/Library/Java/JavaVirtualMachines/jdk-17.0.2.jdk/Contents/Home/lib/libextnet.dylib
0x000000010c400000 	/private/var/folders/g6/xz81mljn2hb6thx518194_4h0000gn/T/sqlite-3.34.0-7e50e90a-aa13-4fcf-973b-c3454d4f61da-libsqlitejdbc.jnilib


VM Arguments:
jvm_args: -ea 
java_command: edu.brown.cs.student.main.Main --gui
java_class_path (initial): target/sprint3-1.0.jar:/Users/jilliandominguez/.m2/repository/org/seleniumhq/selenium/selenium-java/4.0.0/selenium-java-4.0.0.jar:/Users/jilliandominguez/.m2/repository/org/seleniumhq/selenium/selenium-api/4.0.0/selenium-api-4.0.0.jar:/Users/jilliandominguez/.m2/repository/org/seleniumhq/selenium/selenium-chrome-driver/4.0.0/selenium-chrome-driver-4.0.0.jar:/Users/jilliandominguez/.m2/repository/com/google/auto/service/auto-service-annotations/1.0/auto-service-annotations-1.0.jar:/Users/jilliandominguez/.m2/repository/com/google/auto/service/auto-service/1.0/auto-service-1.0.jar:/Users/jilliandominguez/.m2/repository/com/google/auto/auto-common/1.0/auto-common-1.0.jar:/Users/jilliandominguez/.m2/repository/org/seleniumhq/selenium/selenium-chromium-driver/4.0.0/selenium-chromium-driver-4.0.0.jar:/Users/jilliandominguez/.m2/repository/org/seleniumhq/selenium/selenium-json/4.0.0/selenium-json-4.0.0.jar:/Users/jilliandominguez/.m2/repository/org/seleniumhq/selenium/selenium-devtools-v85/4.0.0/selenium-devtools-v85-4.0.0.jar:/Users/jilliandominguez/.m2/repository/org/seleniumhq/selenium/selenium-devtools-v93/4.0.0/selenium-devtools-v93-4.0.0.jar:/Users/jilliandominguez/.m2/repository/org/seleniumhq/selenium/selenium-devtools-v94/4.0.0/selenium-devtools-v94-4.0.0.jar:/Users/jilliandominguez/.m2/repository/org/seleniumhq/selenium/selenium-devtools-v95/4.0.0/selenium-devtools-v95-4.0.0.jar:/Users/jilliandominguez/.m2/repository/org/seleniumhq/selenium/selenium-edge-driver/4.0.0/selenium-edge-driver-4.0.0.jar:/Users/jilliandominguez/.m2/repository/org/seleniumhq/selenium/selenium-firefox-driver/4.0.0/selenium-firefox-driver-4.0.0.jar:/Users/jilliandominguez/.m2/repository/org/seleniumhq/selenium/selenium-firefox-xpi-driver/4.0.0/selenium-firefox-xpi-driver-4.0.0.jar:/Users/jilliandominguez/.m2/repository/org/seleniumhq/selenium/selenium-ie-driver/4.0.0/selenium-ie-driver-4.0.0.jar:/Users/jilliandominguez/.m2/repository/org/seleniumhq/selenium/sel
Launcher Type: SUN_STANDARD

[Global flags]
     intx CICompilerCount                          = 4                                         {product} {ergonomic}
     uint ConcGCThreads                            = 2                                         {product} {ergonomic}
     uint G1ConcRefinementThreads                  = 8                                         {product} {ergonomic}
   size_t G1HeapRegionSize                         = 1048576                                   {product} {ergonomic}
    uintx GCDrainStackTargetSize                   = 64                                        {product} {ergonomic}
   size_t InitialHeapSize                          = 134217728                                 {product} {ergonomic}
   size_t MarkStackSize                            = 4194304                                   {product} {ergonomic}
   size_t MaxHeapSize                              = 2147483648                                {product} {ergonomic}
   size_t MaxNewSize                               = 1287651328                                {product} {ergonomic}
   size_t MinHeapDeltaBytes                        = 1048576                                   {product} {ergonomic}
   size_t MinHeapSize                              = 8388608                                   {product} {ergonomic}
    uintx NonNMethodCodeHeapSize                   = 5839372                                {pd product} {ergonomic}
    uintx NonProfiledCodeHeapSize                  = 122909434                              {pd product} {ergonomic}
    uintx ProfiledCodeHeapSize                     = 122909434                              {pd product} {ergonomic}
    uintx ReservedCodeCacheSize                    = 251658240                              {pd product} {ergonomic}
     bool SegmentedCodeCache                       = true                                      {product} {ergonomic}
   size_t SoftMaxHeapSize                          = 2147483648                             {manageable} {ergonomic}
     bool UseCompressedClassPointers               = true                           {product lp64_product} {ergonomic}
     bool UseCompressedOops                        = true                           {product lp64_product} {ergonomic}
     bool UseG1GC                                  = true                                      {product} {ergonomic}
     bool UseNUMA                                  = false                                     {product} {ergonomic}
     bool UseNUMAInterleaving                      = false                                     {product} {ergonomic}

Logging:
Log output configuration:
 #0: stdout all=warning uptime,level,tags
 #1: stderr all=off uptime,level,tags

Environment Variables:
JAVA_HOME=
PATH=/opt/local/bin:/opt/local/sbin:/Library/Frameworks/Python.framework/Versions/3.7/bin:/usr/local/bin:/usr/bin:/bin:/usr/sbin:/sbin
SHELL=/bin/zsh
LANG=en_US.UTF-8

Signal Handlers:
   SIGSEGV: crash_handler in libjvm.dylib, mask=11100110000111110111111111111111, flags=SA_RESTART|SA_SIGINFO
    SIGBUS: crash_handler in libjvm.dylib, mask=11100110000111110111111111111111, flags=SA_RESTART|SA_SIGINFO
    SIGFPE: crash_handler in libjvm.dylib, mask=11100110000111110111111111111111, flags=SA_RESTART|SA_SIGINFO
   SIGPIPE: javaSignalHandler in libjvm.dylib, mask=11100110000111110111111111111111, flags=SA_RESTART|SA_SIGINFO
   SIGXFSZ: javaSignalHandler in libjvm.dylib, mask=11100110000111110111111111111111, flags=SA_RESTART|SA_SIGINFO
    SIGILL: crash_handler in libjvm.dylib, mask=11100110000111110111111111111111, flags=SA_RESTART|SA_SIGINFO
   SIGUSR2: SR_handler in libjvm.dylib, mask=00000000000000000000000000000000, flags=SA_RESTART|SA_SIGINFO
    SIGHUP: UserHandler in libjvm.dylib, mask=11100110000111110111111111111111, flags=SA_RESTART|SA_SIGINFO
    SIGINT: UserHandler in libjvm.dylib, mask=11100110000111110111111111111111, flags=SA_RESTART|SA_SIGINFO
   SIGTERM: UserHandler in libjvm.dylib, mask=11100110000111110111111111111111, flags=SA_RESTART|SA_SIGINFO
   SIGQUIT: UserHandler in libjvm.dylib, mask=11100110000111110111111111111111, flags=SA_RESTART|SA_SIGINFO
   SIGTRAP: crash_handler in libjvm.dylib, mask=11100110000111110111111111111111, flags=SA_RESTART|SA_SIGINFO


---------------  S Y S T E M  ---------------

OS:
uname: Darwin 20.2.0 Darwin Kernel Version 20.2.0: Wed Dec  2 20:39:59 PST 2020; root:xnu-7195.60.75~1/RELEASE_X86_64 x86_64
OS uptime: 19 days 3:55 hours
rlimit (soft/hard): STACK 8192k/65532k , CORE 0k/infinity , NPROC 1392/2088 , NOFILE 10240/infinity , AS infinity/infinity , CPU infinity/infinity , DATA infinity/infinity , FSIZE infinity/infinity , MEMLOCK infinity/infinity , RSS infinity/infinity
load average: 4.96 4.27 3.83

CPU: total 8 (initial active 8) (4 cores per cpu, 2 threads per core) family 6 model 142 stepping 10 microcode 0xe0, cx8, cmov, fxsr, ht, mmx, 3dnowpref, sse, sse2, sse3, ssse3, sse4.1, sse4.2, popcnt, lzcnt, tsc, tscinvbit, avx, avx2, aes, erms, clmul, bmi1, bmi2, adx, fma, vzeroupper, clflush, clflushopt

Memory: 4k page, physical 8388608k(52724k free), swap 5242880k(1452288k free)

vm_info: Java HotSpot(TM) 64-Bit Server VM (17.0.2+8-LTS-86) for bsd-amd64 JRE (17.0.2+8-LTS-86), built on Dec  7 2021 21:56:25 by "mach5one" with clang Apple LLVM 12.0.0 (clang-1200.0.32.29)

END.
